2026-07-17T11:34:00.454497Z [info     ] === Order Management System Starting === [oms_server] version=1.0.0
2026-07-17T11:34:00.454991Z [info     ] Session log files              [oms_server] oms_log=logs\oms_20260717_170400.log session_datetime=20260717_170400 xts_log=logs\xts_20260717_170400.log
2026-07-17T11:34:00.454991Z [info     ] Configuration loaded           [oms_server] config_path=config.yaml
2026-07-17T11:34:00.454991Z [info     ] Positions loaded from disk     [oms.core.position_tracker] count=0
2026-07-17T11:34:00.564632Z [debug    ] XTS API response               [oms.broker.xts_adapter] body='{"type":"success","code":"s-user-0001","description":"Valid User.","result":{"enums":{"socketEvent":["joined","error","warning","success","order","trade","logout","position","tradeConversion","marketStatusUpdate","exchangeAdapterState","gttOrder","gttOrderRejection"],"orderSide":["BUY","SELL"],"orderSource":["TWS","TWSAPI","Web","WebAPI","MobileAndroid","MobileAndroidAPI","MobileWindows","MobileWindowsAPI","MobileIOS","MobileIOSAPI","OEMS","Algo","FIX","DMA","EnterpriseWeb","EnterpriseMobile","E' status_code=200 url=https://eztrade.wealthdiscovery.in/interactive/user/session
2026-07-17T11:34:00.565131Z [info     ] XTS login successful           [oms.broker.xts_adapter] is_investor_client=True user_id=WD1768
2026-07-17T11:34:00.567132Z [info     ] XTS interactive socket thread started [oms.broker.xts_socket]
2026-07-17T11:34:00.567132Z [info     ] XTS interactive socket feed started [oms_server]
2026-07-17T11:34:00.567631Z [info     ] Starting OMS engine ...        [oms_server]
2026-07-17T11:34:00.567631Z [info     ] Orders restored                [oms.core.order_manager] count=0
2026-07-17T11:34:00.684695Z [info     ] OMS started                    [oms.core.order_manager] pub=tcp://0.0.0.0:5556 pull=tcp://0.0.0.0:5555 workers=3
2026-07-17T11:34:00.685200Z [info     ] Signal receiver started        [oms.core.order_manager]
2026-07-17T11:34:00.685200Z [info     ] Order sync loop started        [oms.core.order_manager] active_interval=2 idle_interval=30
2026-07-17T11:34:00.685200Z [info     ] Order worker started           [oms.core.order_manager] worker_id=0
2026-07-17T11:34:00.685701Z [info     ] Order worker started           [oms.core.order_manager] worker_id=1
2026-07-17T11:34:00.685701Z [info     ] Order worker started           [oms.core.order_manager] worker_id=2
2026-07-17T11:34:01.741411Z [debug    ] XTS socket session ended, reconnecting ... [oms.broker.xts_socket]
2026-07-17T11:34:04.754249Z [debug    ] XTS socket session ended, reconnecting ... [oms.broker.xts_socket]
2026-07-17T11:34:07.761323Z [debug    ] XTS socket session ended, reconnecting ... [oms.broker.xts_socket]
2026-07-17T11:34:10.768393Z [debug    ] XTS socket session ended, reconnecting ... [oms.broker.xts_socket]
2026-07-17T11:34:13.775424Z [debug    ] XTS socket session ended, reconnecting ... [oms.broker.xts_socket]
2026-07-17T11:34:16.782243Z [debug    ] XTS socket session ended, reconnecting ... [oms.broker.xts_socket]
2026-07-17T11:34:19.788829Z [debug    ] XTS socket session ended, reconnecting ... [oms.broker.xts_socket]
2026-07-17T11:34:22.795687Z [debug    ] XTS socket session ended, reconnecting ... [oms.broker.xts_socket]
2026-07-17T11:34:25.802780Z [debug    ] XTS socket session ended, reconnecting ... [oms.broker.xts_socket]
2026-07-17T11:34:28.809888Z [debug    ] XTS socket session ended, reconnecting ... [oms.broker.xts_socket]
2026-07-17T11:34:31.817013Z [debug    ] XTS socket session ended, reconnecting ... [oms.broker.xts_socket]
2026-07-17T11:34:34.824641Z [debug    ] XTS socket session ended, reconnecting ... [oms.broker.xts_socket]
2026-07-17T11:34:37.831268Z [debug    ] XTS socket session ended, reconnecting ... [oms.broker.xts_socket]
2026-07-17T11:34:40.838397Z [debug    ] XTS socket session ended, reconnecting ... [oms.broker.xts_socket]
2026-07-17T11:34:43.845225Z [debug    ] XTS socket session ended, reconnecting ... [oms.broker.xts_socket]
2026-07-17T11:34:46.852048Z [debug    ] XTS socket session ended, reconnecting ... [oms.broker.xts_socket]
2026-07-17T11:34:49.859165Z [debug    ] XTS socket session ended, reconnecting ... [oms.broker.xts_socket]
2026-07-17T11:34:52.866113Z [debug    ] XTS socket session ended, reconnecting ... [oms.broker.xts_socket]
2026-07-17T11:34:55.873187Z [debug    ] XTS socket session ended, reconnecting ... [oms.broker.xts_socket]
2026-07-17T11:34:58.880300Z [debug    ] XTS socket session ended, reconnecting ... [oms.broker.xts_socket]
2026-07-17T11:35:01.887299Z [debug    ] XTS socket session ended, reconnecting ... [oms.broker.xts_socket]
2026-07-17T11:35:04.894062Z [debug    ] XTS socket session ended, reconnecting ... [oms.broker.xts_socket]
2026-07-17T11:35:07.901182Z [debug    ] XTS socket session ended, reconnecting ... [oms.broker.xts_socket]
2026-07-17T11:35:10.908306Z [debug    ] XTS socket session ended, reconnecting ... [oms.broker.xts_socket]
2026-07-17T11:35:13.915426Z [debug    ] XTS socket session ended, reconnecting ... [oms.broker.xts_socket]
2026-07-17T11:35:16.922512Z [debug    ] XTS socket session ended, reconnecting ... [oms.broker.xts_socket]
2026-07-17T11:35:19.929586Z [debug    ] XTS socket session ended, reconnecting ... [oms.broker.xts_socket]
2026-07-17T11:35:22.936193Z [debug    ] XTS socket session ended, reconnecting ... [oms.broker.xts_socket]
2026-07-17T11:35:25.942078Z [debug    ] XTS socket session ended, reconnecting ... [oms.broker.xts_socket]
2026-07-17T11:35:28.949020Z [debug    ] XTS socket session ended, reconnecting ... [oms.broker.xts_socket]
2026-07-17T11:35:31.955674Z [debug    ] XTS socket session ended, reconnecting ... [oms.broker.xts_socket]
2026-07-17T11:35:34.962399Z [debug    ] XTS socket session ended, reconnecting ... [oms.broker.xts_socket]
2026-07-17T11:35:37.969045Z [debug    ] XTS socket session ended, reconnecting ... [oms.broker.xts_socket]
2026-07-17T11:35:40.976620Z [debug    ] XTS socket session ended, reconnecting ... [oms.broker.xts_socket]
2026-07-17T11:35:43.983689Z [debug    ] XTS socket session ended, reconnecting ... [oms.broker.xts_socket]
2026-07-17T11:35:46.990765Z [debug    ] XTS socket session ended, reconnecting ... [oms.broker.xts_socket]
2026-07-17T11:35:49.997843Z [debug    ] XTS socket session ended, reconnecting ... [oms.broker.xts_socket]
2026-07-17T11:35:53.004915Z [debug    ] XTS socket session ended, reconnecting ... [oms.broker.xts_socket]
2026-07-17T11:35:56.011995Z [debug    ] XTS socket session ended, reconnecting ... [oms.broker.xts_socket]
2026-07-17T11:35:59.019085Z [debug    ] XTS socket session ended, reconnecting ... [oms.broker.xts_socket]
2026-07-17T11:36:02.026200Z [debug    ] XTS socket session ended, reconnecting ... [oms.broker.xts_socket]
2026-07-17T11:36:05.033277Z [debug    ] XTS socket session ended, reconnecting ... [oms.broker.xts_socket]
2026-07-17T11:36:08.040373Z [debug    ] XTS socket session ended, reconnecting ... [oms.broker.xts_socket]
2026-07-17T11:36:11.047445Z [debug    ] XTS socket session ended, reconnecting ... [oms.broker.xts_socket]
2026-07-17T11:36:14.054535Z [debug    ] XTS socket session ended, reconnecting ... [oms.broker.xts_socket]
2026-07-17T11:36:17.061635Z [debug    ] XTS socket session ended, reconnecting ... [oms.broker.xts_socket]
2026-07-17T11:36:20.068746Z [debug    ] XTS socket session ended, reconnecting ... [oms.broker.xts_socket]
2026-07-17T11:36:23.075806Z [debug    ] XTS socket session ended, reconnecting ... [oms.broker.xts_socket]
2026-07-17T11:36:26.082899Z [debug    ] XTS socket session ended, reconnecting ... [oms.broker.xts_socket]
2026-07-17T11:36:29.089977Z [debug    ] XTS socket session ended, reconnecting ... [oms.broker.xts_socket]
2026-07-17T11:36:32.097110Z [debug    ] XTS socket session ended, reconnecting ... [oms.broker.xts_socket]
2026-07-17T11:36:35.104232Z [debug    ] XTS socket session ended, reconnecting ... [oms.broker.xts_socket]
2026-07-17T11:36:38.111361Z [debug    ] XTS socket session ended, reconnecting ... [oms.broker.xts_socket]
2026-07-17T11:36:41.118487Z [debug    ] XTS socket session ended, reconnecting ... [oms.broker.xts_socket]
2026-07-17T11:36:44.125591Z [debug    ] XTS socket session ended, reconnecting ... [oms.broker.xts_socket]
2026-07-17T11:36:47.132747Z [debug    ] XTS socket session ended, reconnecting ... [oms.broker.xts_socket]
2026-07-17T11:36:50.139887Z [debug    ] XTS socket session ended, reconnecting ... [oms.broker.xts_socket]
2026-07-17T11:36:53.147000Z [debug    ] XTS socket session ended, reconnecting ... [oms.broker.xts_socket]
2026-07-17T11:36:56.154129Z [debug    ] XTS socket session ended, reconnecting ... [oms.broker.xts_socket]
2026-07-17T11:36:59.161277Z [debug    ] XTS socket session ended, reconnecting ... [oms.broker.xts_socket]
2026-07-17T11:37:02.168387Z [debug    ] XTS socket session ended, reconnecting ... [oms.broker.xts_socket]
2026-07-17T11:37:05.175517Z [debug    ] XTS socket session ended, reconnecting ... [oms.broker.xts_socket]
2026-07-17T11:37:08.182649Z [debug    ] XTS socket session ended, reconnecting ... [oms.broker.xts_socket]
2026-07-17T11:37:11.189781Z [debug    ] XTS socket session ended, reconnecting ... [oms.broker.xts_socket]
2026-07-17T11:37:14.196871Z [debug    ] XTS socket session ended, reconnecting ... [oms.broker.xts_socket]
2026-07-17T11:37:17.203988Z [debug    ] XTS socket session ended, reconnecting ... [oms.broker.xts_socket]
2026-07-17T11:37:20.211116Z [debug    ] XTS socket session ended, reconnecting ... [oms.broker.xts_socket]
2026-07-17T11:37:23.218240Z [debug    ] XTS socket session ended, reconnecting ... [oms.broker.xts_socket]
2026-07-17T11:37:26.225369Z [debug    ] XTS socket session ended, reconnecting ... [oms.broker.xts_socket]
2026-07-17T11:37:29.232499Z [debug    ] XTS socket session ended, reconnecting ... [oms.broker.xts_socket]
2026-07-17T11:37:32.239606Z [debug    ] XTS socket session ended, reconnecting ... [oms.broker.xts_socket]
2026-07-17T11:37:35.246678Z [debug    ] XTS socket session ended, reconnecting ... [oms.broker.xts_socket]
2026-07-17T11:37:38.253807Z [debug    ] XTS socket session ended, reconnecting ... [oms.broker.xts_socket]
2026-07-17T11:37:41.260936Z [debug    ] XTS socket session ended, reconnecting ... [oms.broker.xts_socket]
2026-07-17T11:37:44.268084Z [debug    ] XTS socket session ended, reconnecting ... [oms.broker.xts_socket]
2026-07-17T11:37:47.275200Z [debug    ] XTS socket session ended, reconnecting ... [oms.broker.xts_socket]
2026-07-17T11:37:50.282320Z [debug    ] XTS socket session ended, reconnecting ... [oms.broker.xts_socket]
2026-07-17T11:37:53.289447Z [debug    ] XTS socket session ended, reconnecting ... [oms.broker.xts_socket]
2026-07-17T11:37:56.296577Z [debug    ] XTS socket session ended, reconnecting ... [oms.broker.xts_socket]
2026-07-17T11:37:59.303706Z [debug    ] XTS socket session ended, reconnecting ... [oms.broker.xts_socket]
2026-07-17T11:38:02.310828Z [debug    ] XTS socket session ended, reconnecting ... [oms.broker.xts_socket]
2026-07-17T11:38:05.318247Z [debug    ] XTS socket session ended, reconnecting ... [oms.broker.xts_socket]
2026-07-17T11:38:08.324836Z [debug    ] XTS socket session ended, reconnecting ... [oms.broker.xts_socket]
2026-07-17T11:38:11.331937Z [debug    ] XTS socket session ended, reconnecting ... [oms.broker.xts_socket]
2026-07-17T11:38:14.338886Z [debug    ] XTS socket session ended, reconnecting ... [oms.broker.xts_socket]
2026-07-17T11:38:17.346348Z [debug    ] XTS socket session ended, reconnecting ... [oms.broker.xts_socket]
2026-07-17T11:38:20.352498Z [debug    ] XTS socket session ended, reconnecting ... [oms.broker.xts_socket]
2026-07-17T11:38:23.359564Z [debug    ] XTS socket session ended, reconnecting ... [oms.broker.xts_socket]
2026-07-17T11:38:26.366639Z [debug    ] XTS socket session ended, reconnecting ... [oms.broker.xts_socket]
2026-07-17T11:38:29.373731Z [debug    ] XTS socket session ended, reconnecting ... [oms.broker.xts_socket]
