2026-07-17T07:09:37.170635Z [info     ] === Order Management System Starting === [oms_server] version=1.0.0
2026-07-17T07:09:37.170635Z [info     ] Session log files              [oms_server] oms_log=logs\oms_20260717_123937.log session_datetime=20260717_123937 xts_log=logs\xts_20260717_123937.log
2026-07-17T07:09:37.171132Z [info     ] Configuration loaded           [oms_server] config_path=config.yaml
2026-07-17T07:09:37.171132Z [info     ] Positions loaded from disk     [oms.core.position_tracker] count=0
2026-07-17T07:09:37.321269Z [debug    ] XTS API response               [oms.broker.xts_adapter] body='{"type":"success","code":"s-user-0001","description":"Valid User.","result":{"enums":{"socketEvent":["joined","error","warning","success","order","trade","logout","position","tradeConversion","marketStatusUpdate","exchangeAdapterState","gttOrder","gttOrderRejection"],"orderSide":["BUY","SELL"],"orderSource":["TWS","TWSAPI","Web","WebAPI","MobileAndroid","MobileAndroidAPI","MobileWindows","MobileWindowsAPI","MobileIOS","MobileIOSAPI","OEMS","Algo","FIX","DMA","EnterpriseWeb","EnterpriseMobile","E' status_code=200 url=https://eztrade.wealthdiscovery.in/interactive/user/session
2026-07-17T07:09:37.321770Z [info     ] XTS login successful           [oms.broker.xts_adapter] is_investor_client=True user_id=WD1768
2026-07-17T07:09:37.325272Z [info     ] XTS interactive socket thread started [oms.broker.xts_socket]
2026-07-17T07:09:37.325770Z [info     ] XTS interactive socket feed started [oms_server]
2026-07-17T07:09:37.325770Z [info     ] Starting OMS engine ...        [oms_server]
2026-07-17T07:09:37.326791Z [info     ] Orders restored                [oms.core.order_manager] count=0
2026-07-17T07:09:37.449879Z [info     ] OMS started                    [oms.core.order_manager] pub=tcp://0.0.0.0:5556 pull=tcp://0.0.0.0:5555 workers=3
2026-07-17T07:09:37.450389Z [info     ] Signal receiver started        [oms.core.order_manager]
2026-07-17T07:09:37.450389Z [info     ] Order sync loop started        [oms.core.order_manager] active_interval=2 idle_interval=30
2026-07-17T07:09:37.450389Z [info     ] Order worker started           [oms.core.order_manager] worker_id=0
2026-07-17T07:09:37.450897Z [info     ] Order worker started           [oms.core.order_manager] worker_id=1
2026-07-17T07:09:37.450897Z [info     ] Order worker started           [oms.core.order_manager] worker_id=2
2026-07-17T07:09:38.524373Z [debug    ] XTS socket session ended, reconnecting ... [oms.broker.xts_socket]
2026-07-17T07:09:41.536718Z [debug    ] XTS socket session ended, reconnecting ... [oms.broker.xts_socket]
2026-07-17T07:09:44.544522Z [debug    ] XTS socket session ended, reconnecting ... [oms.broker.xts_socket]
2026-07-17T07:09:47.553816Z [debug    ] XTS socket session ended, reconnecting ... [oms.broker.xts_socket]
2026-07-17T07:09:50.561678Z [debug    ] XTS socket session ended, reconnecting ... [oms.broker.xts_socket]
2026-07-17T07:09:53.569866Z [debug    ] XTS socket session ended, reconnecting ... [oms.broker.xts_socket]
2026-07-17T07:09:56.575828Z [debug    ] XTS socket session ended, reconnecting ... [oms.broker.xts_socket]
2026-07-17T07:09:59.583131Z [debug    ] XTS socket session ended, reconnecting ... [oms.broker.xts_socket]
2026-07-17T07:10:02.590248Z [debug    ] XTS socket session ended, reconnecting ... [oms.broker.xts_socket]
2026-07-17T07:10:05.600229Z [debug    ] XTS socket session ended, reconnecting ... [oms.broker.xts_socket]
2026-07-17T07:10:08.608303Z [debug    ] XTS socket session ended, reconnecting ... [oms.broker.xts_socket]
2026-07-17T07:10:11.617673Z [debug    ] XTS socket session ended, reconnecting ... [oms.broker.xts_socket]
2026-07-17T07:10:14.626301Z [debug    ] XTS socket session ended, reconnecting ... [oms.broker.xts_socket]
2026-07-17T07:10:17.634726Z [debug    ] XTS socket session ended, reconnecting ... [oms.broker.xts_socket]
2026-07-17T07:10:20.645133Z [debug    ] XTS socket session ended, reconnecting ... [oms.broker.xts_socket]
2026-07-17T07:10:23.653694Z [debug    ] XTS socket session ended, reconnecting ... [oms.broker.xts_socket]
2026-07-17T07:10:26.662274Z [debug    ] XTS socket session ended, reconnecting ... [oms.broker.xts_socket]
2026-07-17T07:10:29.671624Z [debug    ] XTS socket session ended, reconnecting ... [oms.broker.xts_socket]
2026-07-17T07:10:32.681098Z [debug    ] XTS socket session ended, reconnecting ... [oms.broker.xts_socket]
2026-07-17T07:10:35.689670Z [debug    ] XTS socket session ended, reconnecting ... [oms.broker.xts_socket]
2026-07-17T07:10:38.699273Z [debug    ] XTS socket session ended, reconnecting ... [oms.broker.xts_socket]
2026-07-17T07:10:41.705896Z [debug    ] XTS socket session ended, reconnecting ... [oms.broker.xts_socket]
2026-07-17T07:10:44.713481Z [debug    ] XTS socket session ended, reconnecting ... [oms.broker.xts_socket]
2026-07-17T07:10:47.721466Z [debug    ] XTS socket session ended, reconnecting ... [oms.broker.xts_socket]
2026-07-17T07:10:50.728024Z [debug    ] XTS socket session ended, reconnecting ... [oms.broker.xts_socket]
2026-07-17T07:10:53.736044Z [debug    ] XTS socket session ended, reconnecting ... [oms.broker.xts_socket]
2026-07-17T07:10:56.745160Z [debug    ] XTS socket session ended, reconnecting ... [oms.broker.xts_socket]
2026-07-17T07:10:59.755963Z [debug    ] XTS socket session ended, reconnecting ... [oms.broker.xts_socket]
2026-07-17T07:11:02.762389Z [debug    ] XTS socket session ended, reconnecting ... [oms.broker.xts_socket]
2026-07-17T07:11:05.772738Z [debug    ] XTS socket session ended, reconnecting ... [oms.broker.xts_socket]
2026-07-17T07:11:08.779538Z [debug    ] XTS socket session ended, reconnecting ... [oms.broker.xts_socket]
2026-07-17T07:11:11.785555Z [debug    ] XTS socket session ended, reconnecting ... [oms.broker.xts_socket]
2026-07-17T07:11:14.791377Z [debug    ] XTS socket session ended, reconnecting ... [oms.broker.xts_socket]
2026-07-17T07:11:17.798945Z [debug    ] XTS socket session ended, reconnecting ... [oms.broker.xts_socket]
2026-07-17T07:11:20.802789Z [debug    ] XTS socket session ended, reconnecting ... [oms.broker.xts_socket]
2026-07-17T07:11:23.812379Z [debug    ] XTS socket session ended, reconnecting ... [oms.broker.xts_socket]
2026-07-17T07:11:26.821606Z [debug    ] XTS socket session ended, reconnecting ... [oms.broker.xts_socket]
2026-07-17T07:11:29.831522Z [debug    ] XTS socket session ended, reconnecting ... [oms.broker.xts_socket]
2026-07-17T07:11:32.841662Z [debug    ] XTS socket session ended, reconnecting ... [oms.broker.xts_socket]
2026-07-17T07:11:35.850037Z [debug    ] XTS socket session ended, reconnecting ... [oms.broker.xts_socket]
2026-07-17T07:11:38.860548Z [debug    ] XTS socket session ended, reconnecting ... [oms.broker.xts_socket]
2026-07-17T07:11:41.869766Z [debug    ] XTS socket session ended, reconnecting ... [oms.broker.xts_socket]
2026-07-17T07:11:44.874235Z [debug    ] XTS socket session ended, reconnecting ... [oms.broker.xts_socket]
2026-07-17T07:11:47.882219Z [debug    ] XTS socket session ended, reconnecting ... [oms.broker.xts_socket]
2026-07-17T07:11:50.887958Z [debug    ] XTS socket session ended, reconnecting ... [oms.broker.xts_socket]
2026-07-17T07:11:53.898809Z [debug    ] XTS socket session ended, reconnecting ... [oms.broker.xts_socket]
2026-07-17T07:11:56.907333Z [debug    ] XTS socket session ended, reconnecting ... [oms.broker.xts_socket]
2026-07-17T07:11:59.914569Z [debug    ] XTS socket session ended, reconnecting ... [oms.broker.xts_socket]
2026-07-17T07:12:02.923172Z [debug    ] XTS socket session ended, reconnecting ... [oms.broker.xts_socket]
2026-07-17T07:12:05.931772Z [debug    ] XTS socket session ended, reconnecting ... [oms.broker.xts_socket]
2026-07-17T07:12:08.936980Z [debug    ] XTS socket session ended, reconnecting ... [oms.broker.xts_socket]
2026-07-17T07:12:11.942672Z [debug    ] XTS socket session ended, reconnecting ... [oms.broker.xts_socket]
2026-07-17T07:12:14.950758Z [debug    ] XTS socket session ended, reconnecting ... [oms.broker.xts_socket]
2026-07-17T07:12:17.960705Z [debug    ] XTS socket session ended, reconnecting ... [oms.broker.xts_socket]
2026-07-17T07:12:20.970148Z [debug    ] XTS socket session ended, reconnecting ... [oms.broker.xts_socket]
2026-07-17T07:12:23.981481Z [debug    ] XTS socket session ended, reconnecting ... [oms.broker.xts_socket]
2026-07-17T07:12:26.986821Z [debug    ] XTS socket session ended, reconnecting ... [oms.broker.xts_socket]
2026-07-17T07:12:29.995470Z [debug    ] XTS socket session ended, reconnecting ... [oms.broker.xts_socket]
2026-07-17T07:12:33.004764Z [debug    ] XTS socket session ended, reconnecting ... [oms.broker.xts_socket]
2026-07-17T07:12:36.014509Z [debug    ] XTS socket session ended, reconnecting ... [oms.broker.xts_socket]
2026-07-17T07:12:39.018800Z [debug    ] XTS socket session ended, reconnecting ... [oms.broker.xts_socket]
2026-07-17T07:12:42.025430Z [debug    ] XTS socket session ended, reconnecting ... [oms.broker.xts_socket]
2026-07-17T07:12:45.034709Z [debug    ] XTS socket session ended, reconnecting ... [oms.broker.xts_socket]
2026-07-17T07:12:48.041883Z [debug    ] XTS socket session ended, reconnecting ... [oms.broker.xts_socket]
2026-07-17T07:12:51.052076Z [debug    ] XTS socket session ended, reconnecting ... [oms.broker.xts_socket]
2026-07-17T07:12:54.062750Z [debug    ] XTS socket session ended, reconnecting ... [oms.broker.xts_socket]
2026-07-17T07:12:57.073138Z [debug    ] XTS socket session ended, reconnecting ... [oms.broker.xts_socket]
2026-07-17T07:13:00.082738Z [debug    ] XTS socket session ended, reconnecting ... [oms.broker.xts_socket]
2026-07-17T07:13:03.091655Z [debug    ] XTS socket session ended, reconnecting ... [oms.broker.xts_socket]
2026-07-17T07:13:06.100330Z [debug    ] XTS socket session ended, reconnecting ... [oms.broker.xts_socket]
2026-07-17T07:13:09.106436Z [debug    ] XTS socket session ended, reconnecting ... [oms.broker.xts_socket]
2026-07-17T07:13:12.114834Z [debug    ] XTS socket session ended, reconnecting ... [oms.broker.xts_socket]
2026-07-17T07:13:15.122636Z [debug    ] XTS socket session ended, reconnecting ... [oms.broker.xts_socket]
2026-07-17T07:13:18.131813Z [debug    ] XTS socket session ended, reconnecting ... [oms.broker.xts_socket]
2026-07-17T07:13:21.141961Z [debug    ] XTS socket session ended, reconnecting ... [oms.broker.xts_socket]
2026-07-17T07:13:24.150468Z [debug    ] XTS socket session ended, reconnecting ... [oms.broker.xts_socket]
2026-07-17T07:13:27.159615Z [debug    ] XTS socket session ended, reconnecting ... [oms.broker.xts_socket]
2026-07-17T07:13:30.167439Z [debug    ] XTS socket session ended, reconnecting ... [oms.broker.xts_socket]
2026-07-17T07:13:33.176973Z [debug    ] XTS socket session ended, reconnecting ... [oms.broker.xts_socket]
2026-07-17T07:13:36.187216Z [debug    ] XTS socket session ended, reconnecting ... [oms.broker.xts_socket]
2026-07-17T07:13:39.196387Z [debug    ] XTS socket session ended, reconnecting ... [oms.broker.xts_socket]
2026-07-17T07:13:42.205639Z [debug    ] XTS socket session ended, reconnecting ... [oms.broker.xts_socket]
2026-07-17T07:13:45.215033Z [debug    ] XTS socket session ended, reconnecting ... [oms.broker.xts_socket]
2026-07-17T07:13:48.224740Z [debug    ] XTS socket session ended, reconnecting ... [oms.broker.xts_socket]
2026-07-17T07:13:51.230172Z [debug    ] XTS socket session ended, reconnecting ... [oms.broker.xts_socket]
2026-07-17T07:13:54.239303Z [debug    ] XTS socket session ended, reconnecting ... [oms.broker.xts_socket]
2026-07-17T07:13:57.249139Z [debug    ] XTS socket session ended, reconnecting ... [oms.broker.xts_socket]
2026-07-17T07:14:00.258606Z [debug    ] XTS socket session ended, reconnecting ... [oms.broker.xts_socket]
2026-07-17T07:14:03.266684Z [debug    ] XTS socket session ended, reconnecting ... [oms.broker.xts_socket]
2026-07-17T07:14:06.274750Z [debug    ] XTS socket session ended, reconnecting ... [oms.broker.xts_socket]
2026-07-17T07:14:09.283434Z [debug    ] XTS socket session ended, reconnecting ... [oms.broker.xts_socket]
2026-07-17T07:14:12.292369Z [debug    ] XTS socket session ended, reconnecting ... [oms.broker.xts_socket]
2026-07-17T07:14:15.307364Z [debug    ] XTS socket session ended, reconnecting ... [oms.broker.xts_socket]
2026-07-17T07:14:18.322099Z [debug    ] XTS socket session ended, reconnecting ... [oms.broker.xts_socket]
2026-07-17T07:14:21.332142Z [debug    ] XTS socket session ended, reconnecting ... [oms.broker.xts_socket]
2026-07-17T07:14:24.340514Z [debug    ] XTS socket session ended, reconnecting ... [oms.broker.xts_socket]
2026-07-17T07:14:27.350640Z [debug    ] XTS socket session ended, reconnecting ... [oms.broker.xts_socket]
2026-07-17T07:14:30.361344Z [debug    ] XTS socket session ended, reconnecting ... [oms.broker.xts_socket]
2026-07-17T07:14:33.372040Z [debug    ] XTS socket session ended, reconnecting ... [oms.broker.xts_socket]
2026-07-17T07:14:36.382116Z [debug    ] XTS socket session ended, reconnecting ... [oms.broker.xts_socket]
2026-07-17T07:14:39.391302Z [debug    ] XTS socket session ended, reconnecting ... [oms.broker.xts_socket]
2026-07-17T07:14:42.401352Z [debug    ] XTS socket session ended, reconnecting ... [oms.broker.xts_socket]
2026-07-17T07:14:45.410867Z [debug    ] XTS socket session ended, reconnecting ... [oms.broker.xts_socket]
2026-07-17T07:14:48.420331Z [debug    ] XTS socket session ended, reconnecting ... [oms.broker.xts_socket]
2026-07-17T07:14:51.430744Z [debug    ] XTS socket session ended, reconnecting ... [oms.broker.xts_socket]
2026-07-17T07:14:54.440877Z [debug    ] XTS socket session ended, reconnecting ... [oms.broker.xts_socket]
2026-07-17T07:14:57.450208Z [debug    ] XTS socket session ended, reconnecting ... [oms.broker.xts_socket]
2026-07-17T07:15:00.459884Z [debug    ] XTS socket session ended, reconnecting ... [oms.broker.xts_socket]
2026-07-17T07:15:03.471763Z [debug    ] XTS socket session ended, reconnecting ... [oms.broker.xts_socket]
2026-07-17T07:15:06.482815Z [debug    ] XTS socket session ended, reconnecting ... [oms.broker.xts_socket]
2026-07-17T07:15:09.493108Z [debug    ] XTS socket session ended, reconnecting ... [oms.broker.xts_socket]
2026-07-17T07:15:12.502688Z [debug    ] XTS socket session ended, reconnecting ... [oms.broker.xts_socket]
2026-07-17T07:15:15.513130Z [debug    ] XTS socket session ended, reconnecting ... [oms.broker.xts_socket]
2026-07-17T07:15:18.521988Z [debug    ] XTS socket session ended, reconnecting ... [oms.broker.xts_socket]
2026-07-17T07:15:21.532828Z [debug    ] XTS socket session ended, reconnecting ... [oms.broker.xts_socket]
2026-07-17T07:15:24.541227Z [debug    ] XTS socket session ended, reconnecting ... [oms.broker.xts_socket]
2026-07-17T07:15:27.551251Z [debug    ] XTS socket session ended, reconnecting ... [oms.broker.xts_socket]
2026-07-17T07:15:30.559121Z [debug    ] XTS socket session ended, reconnecting ... [oms.broker.xts_socket]
2026-07-17T07:15:33.569276Z [debug    ] XTS socket session ended, reconnecting ... [oms.broker.xts_socket]
2026-07-17T07:15:36.578946Z [debug    ] XTS socket session ended, reconnecting ... [oms.broker.xts_socket]
2026-07-17T07:15:39.588528Z [debug    ] XTS socket session ended, reconnecting ... [oms.broker.xts_socket]
2026-07-17T07:15:42.598868Z [debug    ] XTS socket session ended, reconnecting ... [oms.broker.xts_socket]
2026-07-17T07:15:45.608474Z [debug    ] XTS socket session ended, reconnecting ... [oms.broker.xts_socket]
2026-07-17T07:15:48.618598Z [debug    ] XTS socket session ended, reconnecting ... [oms.broker.xts_socket]
2026-07-17T07:15:51.629474Z [debug    ] XTS socket session ended, reconnecting ... [oms.broker.xts_socket]
2026-07-17T07:15:54.638795Z [debug    ] XTS socket session ended, reconnecting ... [oms.broker.xts_socket]
2026-07-17T07:15:57.648996Z [debug    ] XTS socket session ended, reconnecting ... [oms.broker.xts_socket]
2026-07-17T07:16:00.660188Z [debug    ] XTS socket session ended, reconnecting ... [oms.broker.xts_socket]
2026-07-17T07:16:03.671790Z [debug    ] XTS socket session ended, reconnecting ... [oms.broker.xts_socket]
2026-07-17T07:16:06.682380Z [debug    ] XTS socket session ended, reconnecting ... [oms.broker.xts_socket]
2026-07-17T07:16:09.692542Z [debug    ] XTS socket session ended, reconnecting ... [oms.broker.xts_socket]
2026-07-17T07:16:12.701477Z [debug    ] XTS socket session ended, reconnecting ... [oms.broker.xts_socket]
2026-07-17T07:16:15.711776Z [debug    ] XTS socket session ended, reconnecting ... [oms.broker.xts_socket]
2026-07-17T07:16:18.722434Z [debug    ] XTS socket session ended, reconnecting ... [oms.broker.xts_socket]
2026-07-17T07:16:21.732934Z [debug    ] XTS socket session ended, reconnecting ... [oms.broker.xts_socket]
2026-07-17T07:16:24.742880Z [debug    ] XTS socket session ended, reconnecting ... [oms.broker.xts_socket]
2026-07-17T07:16:27.752975Z [debug    ] XTS socket session ended, reconnecting ... [oms.broker.xts_socket]
2026-07-17T07:16:30.761368Z [debug    ] XTS socket session ended, reconnecting ... [oms.broker.xts_socket]
2026-07-17T07:16:33.771496Z [debug    ] XTS socket session ended, reconnecting ... [oms.broker.xts_socket]
2026-07-17T07:16:36.784319Z [debug    ] XTS socket session ended, reconnecting ... [oms.broker.xts_socket]
2026-07-17T07:16:39.795165Z [debug    ] XTS socket session ended, reconnecting ... [oms.broker.xts_socket]
2026-07-17T07:16:42.804836Z [debug    ] XTS socket session ended, reconnecting ... [oms.broker.xts_socket]
2026-07-17T07:16:45.815405Z [debug    ] XTS socket session ended, reconnecting ... [oms.broker.xts_socket]
2026-07-17T07:16:48.825432Z [debug    ] XTS socket session ended, reconnecting ... [oms.broker.xts_socket]
2026-07-17T07:16:51.835411Z [debug    ] XTS socket session ended, reconnecting ... [oms.broker.xts_socket]
2026-07-17T07:16:54.847513Z [debug    ] XTS socket session ended, reconnecting ... [oms.broker.xts_socket]
2026-07-17T07:16:57.857994Z [debug    ] XTS socket session ended, reconnecting ... [oms.broker.xts_socket]
2026-07-17T07:17:00.865793Z [debug    ] XTS socket session ended, reconnecting ... [oms.broker.xts_socket]
2026-07-17T07:17:03.874208Z [debug    ] XTS socket session ended, reconnecting ... [oms.broker.xts_socket]
2026-07-17T07:17:06.882051Z [debug    ] XTS socket session ended, reconnecting ... [oms.broker.xts_socket]
2026-07-17T07:17:09.890164Z [debug    ] XTS socket session ended, reconnecting ... [oms.broker.xts_socket]
2026-07-17T07:17:12.898386Z [debug    ] XTS socket session ended, reconnecting ... [oms.broker.xts_socket]
2026-07-17T07:17:15.906225Z [debug    ] XTS socket session ended, reconnecting ... [oms.broker.xts_socket]
2026-07-17T07:17:18.914133Z [debug    ] XTS socket session ended, reconnecting ... [oms.broker.xts_socket]
2026-07-17T07:17:21.921450Z [debug    ] XTS socket session ended, reconnecting ... [oms.broker.xts_socket]
2026-07-17T07:17:24.928320Z [debug    ] XTS socket session ended, reconnecting ... [oms.broker.xts_socket]
2026-07-17T07:17:27.938107Z [debug    ] XTS socket session ended, reconnecting ... [oms.broker.xts_socket]
2026-07-17T07:17:30.944701Z [debug    ] XTS socket session ended, reconnecting ... [oms.broker.xts_socket]
2026-07-17T07:17:33.950730Z [debug    ] XTS socket session ended, reconnecting ... [oms.broker.xts_socket]
2026-07-17T07:17:36.957617Z [debug    ] XTS socket session ended, reconnecting ... [oms.broker.xts_socket]
2026-07-17T07:17:39.964526Z [debug    ] XTS socket session ended, reconnecting ... [oms.broker.xts_socket]
2026-07-17T07:17:42.972913Z [debug    ] XTS socket session ended, reconnecting ... [oms.broker.xts_socket]
2026-07-17T07:17:45.979897Z [debug    ] XTS socket session ended, reconnecting ... [oms.broker.xts_socket]
2026-07-17T07:17:48.987442Z [debug    ] XTS socket session ended, reconnecting ... [oms.broker.xts_socket]
2026-07-17T07:17:51.993973Z [debug    ] XTS socket session ended, reconnecting ... [oms.broker.xts_socket]
2026-07-17T07:17:55.001819Z [debug    ] XTS socket session ended, reconnecting ... [oms.broker.xts_socket]
2026-07-17T07:17:58.009050Z [debug    ] XTS socket session ended, reconnecting ... [oms.broker.xts_socket]
2026-07-17T07:18:01.017062Z [debug    ] XTS socket session ended, reconnecting ... [oms.broker.xts_socket]
2026-07-17T07:18:04.026292Z [debug    ] XTS socket session ended, reconnecting ... [oms.broker.xts_socket]
2026-07-17T07:18:07.030929Z [debug    ] XTS socket session ended, reconnecting ... [oms.broker.xts_socket]
2026-07-17T07:18:10.038428Z [debug    ] XTS socket session ended, reconnecting ... [oms.broker.xts_socket]
2026-07-17T07:18:13.046099Z [debug    ] XTS socket session ended, reconnecting ... [oms.broker.xts_socket]
2026-07-17T07:18:16.054435Z [debug    ] XTS socket session ended, reconnecting ... [oms.broker.xts_socket]
2026-07-17T07:18:19.062514Z [debug    ] XTS socket session ended, reconnecting ... [oms.broker.xts_socket]
2026-07-17T07:18:22.069733Z [debug    ] XTS socket session ended, reconnecting ... [oms.broker.xts_socket]
2026-07-17T07:18:25.076133Z [debug    ] XTS socket session ended, reconnecting ... [oms.broker.xts_socket]
2026-07-17T07:18:28.083491Z [debug    ] XTS socket session ended, reconnecting ... [oms.broker.xts_socket]
2026-07-17T07:18:31.091595Z [debug    ] XTS socket session ended, reconnecting ... [oms.broker.xts_socket]
2026-07-17T07:18:34.100135Z [debug    ] XTS socket session ended, reconnecting ... [oms.broker.xts_socket]
2026-07-17T07:18:37.107183Z [debug    ] XTS socket session ended, reconnecting ... [oms.broker.xts_socket]
2026-07-17T07:18:40.113918Z [debug    ] XTS socket session ended, reconnecting ... [oms.broker.xts_socket]
2026-07-17T07:18:43.123418Z [debug    ] XTS socket session ended, reconnecting ... [oms.broker.xts_socket]
2026-07-17T07:18:46.131535Z [debug    ] XTS socket session ended, reconnecting ... [oms.broker.xts_socket]
2026-07-17T07:18:49.138822Z [debug    ] XTS socket session ended, reconnecting ... [oms.broker.xts_socket]
2026-07-17T07:18:52.145850Z [debug    ] XTS socket session ended, reconnecting ... [oms.broker.xts_socket]
2026-07-17T07:18:55.155324Z [debug    ] XTS socket session ended, reconnecting ... [oms.broker.xts_socket]
2026-07-17T07:18:58.163674Z [debug    ] XTS socket session ended, reconnecting ... [oms.broker.xts_socket]
2026-07-17T07:19:01.171249Z [debug    ] XTS socket session ended, reconnecting ... [oms.broker.xts_socket]
2026-07-17T07:19:04.178683Z [debug    ] XTS socket session ended, reconnecting ... [oms.broker.xts_socket]
2026-07-17T07:19:07.186808Z [debug    ] XTS socket session ended, reconnecting ... [oms.broker.xts_socket]
2026-07-17T07:19:10.194752Z [debug    ] XTS socket session ended, reconnecting ... [oms.broker.xts_socket]
2026-07-17T07:19:13.203522Z [debug    ] XTS socket session ended, reconnecting ... [oms.broker.xts_socket]
2026-07-17T07:19:16.210430Z [debug    ] XTS socket session ended, reconnecting ... [oms.broker.xts_socket]
2026-07-17T07:19:19.217979Z [debug    ] XTS socket session ended, reconnecting ... [oms.broker.xts_socket]
2026-07-17T07:19:22.225924Z [debug    ] XTS socket session ended, reconnecting ... [oms.broker.xts_socket]
2026-07-17T07:19:25.233460Z [debug    ] XTS socket session ended, reconnecting ... [oms.broker.xts_socket]
2026-07-17T07:19:28.240806Z [debug    ] XTS socket session ended, reconnecting ... [oms.broker.xts_socket]
2026-07-17T07:19:31.250468Z [debug    ] XTS socket session ended, reconnecting ... [oms.broker.xts_socket]
2026-07-17T07:19:34.259468Z [debug    ] XTS socket session ended, reconnecting ... [oms.broker.xts_socket]
2026-07-17T07:19:37.268146Z [debug    ] XTS socket session ended, reconnecting ... [oms.broker.xts_socket]
2026-07-17T07:19:40.274964Z [debug    ] XTS socket session ended, reconnecting ... [oms.broker.xts_socket]
2026-07-17T07:19:43.280079Z [debug    ] XTS socket session ended, reconnecting ... [oms.broker.xts_socket]
2026-07-17T07:19:46.286904Z [debug    ] XTS socket session ended, reconnecting ... [oms.broker.xts_socket]
2026-07-17T07:19:49.294073Z [debug    ] XTS socket session ended, reconnecting ... [oms.broker.xts_socket]
2026-07-17T07:19:52.301525Z [debug    ] XTS socket session ended, reconnecting ... [oms.broker.xts_socket]
2026-07-17T07:19:55.309799Z [debug    ] XTS socket session ended, reconnecting ... [oms.broker.xts_socket]
2026-07-17T07:19:58.319330Z [debug    ] XTS socket session ended, reconnecting ... [oms.broker.xts_socket]
2026-07-17T07:20:01.329395Z [debug    ] XTS socket session ended, reconnecting ... [oms.broker.xts_socket]
2026-07-17T07:20:04.338665Z [debug    ] XTS socket session ended, reconnecting ... [oms.broker.xts_socket]
2026-07-17T07:20:07.345266Z [debug    ] XTS socket session ended, reconnecting ... [oms.broker.xts_socket]
2026-07-17T07:20:10.351029Z [debug    ] XTS socket session ended, reconnecting ... [oms.broker.xts_socket]
2026-07-17T07:20:13.358126Z [debug    ] XTS socket session ended, reconnecting ... [oms.broker.xts_socket]
2026-07-17T07:20:16.365639Z [debug    ] XTS socket session ended, reconnecting ... [oms.broker.xts_socket]
2026-07-17T07:20:19.371022Z [debug    ] XTS socket session ended, reconnecting ... [oms.broker.xts_socket]
2026-07-17T07:20:22.373805Z [debug    ] XTS socket session ended, reconnecting ... [oms.broker.xts_socket]
2026-07-17T07:20:25.379253Z [debug    ] XTS socket session ended, reconnecting ... [oms.broker.xts_socket]
2026-07-17T07:20:28.383693Z [debug    ] XTS socket session ended, reconnecting ... [oms.broker.xts_socket]
2026-07-17T07:20:31.390501Z [debug    ] XTS socket session ended, reconnecting ... [oms.broker.xts_socket]
2026-07-17T07:20:34.397814Z [debug    ] XTS socket session ended, reconnecting ... [oms.broker.xts_socket]
2026-07-17T07:20:37.403700Z [debug    ] XTS socket session ended, reconnecting ... [oms.broker.xts_socket]
2026-07-17T07:20:40.408974Z [debug    ] XTS socket session ended, reconnecting ... [oms.broker.xts_socket]
2026-07-17T07:20:43.414645Z [debug    ] XTS socket session ended, reconnecting ... [oms.broker.xts_socket]
2026-07-17T07:20:46.422209Z [debug    ] XTS socket session ended, reconnecting ... [oms.broker.xts_socket]
2026-07-17T07:20:49.431346Z [debug    ] XTS socket session ended, reconnecting ... [oms.broker.xts_socket]
2026-07-17T07:20:52.438121Z [debug    ] XTS socket session ended, reconnecting ... [oms.broker.xts_socket]
2026-07-17T07:20:55.446037Z [debug    ] XTS socket session ended, reconnecting ... [oms.broker.xts_socket]
2026-07-17T07:20:58.453007Z [debug    ] XTS socket session ended, reconnecting ... [oms.broker.xts_socket]
2026-07-17T07:21:01.462808Z [debug    ] XTS socket session ended, reconnecting ... [oms.broker.xts_socket]
2026-07-17T07:21:04.471335Z [debug    ] XTS socket session ended, reconnecting ... [oms.broker.xts_socket]
2026-07-17T07:21:07.479600Z [debug    ] XTS socket session ended, reconnecting ... [oms.broker.xts_socket]
2026-07-17T07:21:10.488881Z [debug    ] XTS socket session ended, reconnecting ... [oms.broker.xts_socket]
2026-07-17T07:21:13.500408Z [debug    ] XTS socket session ended, reconnecting ... [oms.broker.xts_socket]
2026-07-17T07:21:16.510601Z [debug    ] XTS socket session ended, reconnecting ... [oms.broker.xts_socket]
2026-07-17T07:21:19.521284Z [debug    ] XTS socket session ended, reconnecting ... [oms.broker.xts_socket]
2026-07-17T07:21:22.531343Z [debug    ] XTS socket session ended, reconnecting ... [oms.broker.xts_socket]
2026-07-17T07:21:25.541871Z [debug    ] XTS socket session ended, reconnecting ... [oms.broker.xts_socket]
2026-07-17T07:21:28.552330Z [debug    ] XTS socket session ended, reconnecting ... [oms.broker.xts_socket]
2026-07-17T07:21:31.562372Z [debug    ] XTS socket session ended, reconnecting ... [oms.broker.xts_socket]
2026-07-17T07:21:34.572706Z [debug    ] XTS socket session ended, reconnecting ... [oms.broker.xts_socket]
2026-07-17T07:21:37.582514Z [debug    ] XTS socket session ended, reconnecting ... [oms.broker.xts_socket]
2026-07-17T07:21:40.591355Z [debug    ] XTS socket session ended, reconnecting ... [oms.broker.xts_socket]
2026-07-17T07:21:43.598500Z [debug    ] XTS socket session ended, reconnecting ... [oms.broker.xts_socket]
2026-07-17T07:21:46.609241Z [debug    ] XTS socket session ended, reconnecting ... [oms.broker.xts_socket]
2026-07-17T07:21:49.616126Z [debug    ] XTS socket session ended, reconnecting ... [oms.broker.xts_socket]
2026-07-17T07:21:52.624895Z [debug    ] XTS socket session ended, reconnecting ... [oms.broker.xts_socket]
2026-07-17T07:21:55.631308Z [debug    ] XTS socket session ended, reconnecting ... [oms.broker.xts_socket]
2026-07-17T07:21:58.640368Z [debug    ] XTS socket session ended, reconnecting ... [oms.broker.xts_socket]
2026-07-17T07:22:01.649546Z [debug    ] XTS socket session ended, reconnecting ... [oms.broker.xts_socket]
2026-07-17T07:22:04.659309Z [debug    ] XTS socket session ended, reconnecting ... [oms.broker.xts_socket]
2026-07-17T07:22:07.668587Z [debug    ] XTS socket session ended, reconnecting ... [oms.broker.xts_socket]
2026-07-17T07:22:10.677991Z [debug    ] XTS socket session ended, reconnecting ... [oms.broker.xts_socket]
2026-07-17T07:22:13.685583Z [debug    ] XTS socket session ended, reconnecting ... [oms.broker.xts_socket]
2026-07-17T07:22:16.692233Z [debug    ] XTS socket session ended, reconnecting ... [oms.broker.xts_socket]
2026-07-17T07:22:19.700095Z [debug    ] XTS socket session ended, reconnecting ... [oms.broker.xts_socket]
2026-07-17T07:22:22.709419Z [debug    ] XTS socket session ended, reconnecting ... [oms.broker.xts_socket]
2026-07-17T07:22:25.719447Z [debug    ] XTS socket session ended, reconnecting ... [oms.broker.xts_socket]
2026-07-17T07:22:28.728489Z [debug    ] XTS socket session ended, reconnecting ... [oms.broker.xts_socket]
2026-07-17T07:22:31.737758Z [debug    ] XTS socket session ended, reconnecting ... [oms.broker.xts_socket]
2026-07-17T07:22:34.747332Z [debug    ] XTS socket session ended, reconnecting ... [oms.broker.xts_socket]
2026-07-17T07:22:37.758554Z [debug    ] XTS socket session ended, reconnecting ... [oms.broker.xts_socket]
2026-07-17T07:22:40.767703Z [debug    ] XTS socket session ended, reconnecting ... [oms.broker.xts_socket]
2026-07-17T07:22:43.775969Z [debug    ] XTS socket session ended, reconnecting ... [oms.broker.xts_socket]
2026-07-17T07:22:46.786488Z [debug    ] XTS socket session ended, reconnecting ... [oms.broker.xts_socket]
2026-07-17T07:22:49.794629Z [debug    ] XTS socket session ended, reconnecting ... [oms.broker.xts_socket]
2026-07-17T07:22:52.804893Z [debug    ] XTS socket session ended, reconnecting ... [oms.broker.xts_socket]
2026-07-17T07:22:55.814664Z [debug    ] XTS socket session ended, reconnecting ... [oms.broker.xts_socket]
2026-07-17T07:22:58.825561Z [debug    ] XTS socket session ended, reconnecting ... [oms.broker.xts_socket]
2026-07-17T07:23:01.833333Z [debug    ] XTS socket session ended, reconnecting ... [oms.broker.xts_socket]
2026-07-17T07:23:04.843126Z [debug    ] XTS socket session ended, reconnecting ... [oms.broker.xts_socket]
2026-07-17T07:23:07.850054Z [debug    ] XTS socket session ended, reconnecting ... [oms.broker.xts_socket]
2026-07-17T07:23:10.855822Z [debug    ] XTS socket session ended, reconnecting ... [oms.broker.xts_socket]
2026-07-17T07:23:13.862536Z [debug    ] XTS socket session ended, reconnecting ... [oms.broker.xts_socket]
2026-07-17T07:23:16.867050Z [debug    ] XTS socket session ended, reconnecting ... [oms.broker.xts_socket]
2026-07-17T07:23:19.874971Z [debug    ] XTS socket session ended, reconnecting ... [oms.broker.xts_socket]
2026-07-17T07:23:22.883122Z [debug    ] XTS socket session ended, reconnecting ... [oms.broker.xts_socket]
2026-07-17T07:23:25.889946Z [debug    ] XTS socket session ended, reconnecting ... [oms.broker.xts_socket]
2026-07-17T07:23:28.896709Z [debug    ] XTS socket session ended, reconnecting ... [oms.broker.xts_socket]
2026-07-17T07:23:31.902803Z [debug    ] XTS socket session ended, reconnecting ... [oms.broker.xts_socket]
2026-07-17T07:23:34.907650Z [debug    ] XTS socket session ended, reconnecting ... [oms.broker.xts_socket]
2026-07-17T07:23:37.918385Z [debug    ] XTS socket session ended, reconnecting ... [oms.broker.xts_socket]
2026-07-17T07:23:40.925094Z [debug    ] XTS socket session ended, reconnecting ... [oms.broker.xts_socket]
2026-07-17T07:23:43.933524Z [debug    ] XTS socket session ended, reconnecting ... [oms.broker.xts_socket]
2026-07-17T07:23:46.940255Z [debug    ] XTS socket session ended, reconnecting ... [oms.broker.xts_socket]
2026-07-17T07:23:49.949139Z [debug    ] XTS socket session ended, reconnecting ... [oms.broker.xts_socket]
2026-07-17T07:23:52.957387Z [debug    ] XTS socket session ended, reconnecting ... [oms.broker.xts_socket]
2026-07-17T07:23:55.966438Z [debug    ] XTS socket session ended, reconnecting ... [oms.broker.xts_socket]
2026-07-17T07:23:58.970639Z [debug    ] XTS socket session ended, reconnecting ... [oms.broker.xts_socket]
2026-07-17T07:24:01.976370Z [debug    ] XTS socket session ended, reconnecting ... [oms.broker.xts_socket]
2026-07-17T07:24:04.985392Z [debug    ] XTS socket session ended, reconnecting ... [oms.broker.xts_socket]
2026-07-17T07:24:07.995422Z [debug    ] XTS socket session ended, reconnecting ... [oms.broker.xts_socket]
2026-07-17T07:24:11.004301Z [debug    ] XTS socket session ended, reconnecting ... [oms.broker.xts_socket]
2026-07-17T07:24:14.014921Z [debug    ] XTS socket session ended, reconnecting ... [oms.broker.xts_socket]
2026-07-17T07:24:17.025587Z [debug    ] XTS socket session ended, reconnecting ... [oms.broker.xts_socket]
2026-07-17T07:24:20.034027Z [debug    ] XTS socket session ended, reconnecting ... [oms.broker.xts_socket]
2026-07-17T07:24:23.043772Z [debug    ] XTS socket session ended, reconnecting ... [oms.broker.xts_socket]
2026-07-17T07:24:26.054013Z [debug    ] XTS socket session ended, reconnecting ... [oms.broker.xts_socket]
2026-07-17T07:24:29.066641Z [debug    ] XTS socket session ended, reconnecting ... [oms.broker.xts_socket]
2026-07-17T07:24:32.076632Z [debug    ] XTS socket session ended, reconnecting ... [oms.broker.xts_socket]
2026-07-17T07:24:35.087786Z [debug    ] XTS socket session ended, reconnecting ... [oms.broker.xts_socket]
2026-07-17T07:24:38.097442Z [debug    ] XTS socket session ended, reconnecting ... [oms.broker.xts_socket]
2026-07-17T07:24:41.108088Z [debug    ] XTS socket session ended, reconnecting ... [oms.broker.xts_socket]
2026-07-17T07:24:44.118336Z [debug    ] XTS socket session ended, reconnecting ... [oms.broker.xts_socket]
2026-07-17T07:24:47.128523Z [debug    ] XTS socket session ended, reconnecting ... [oms.broker.xts_socket]
2026-07-17T07:24:50.138880Z [debug    ] XTS socket session ended, reconnecting ... [oms.broker.xts_socket]
2026-07-17T07:24:53.149002Z [debug    ] XTS socket session ended, reconnecting ... [oms.broker.xts_socket]
2026-07-17T07:24:56.159725Z [debug    ] XTS socket session ended, reconnecting ... [oms.broker.xts_socket]
2026-07-17T07:24:59.169524Z [debug    ] XTS socket session ended, reconnecting ... [oms.broker.xts_socket]
2026-07-17T07:25:02.178402Z [debug    ] XTS socket session ended, reconnecting ... [oms.broker.xts_socket]
2026-07-17T07:25:05.188537Z [debug    ] XTS socket session ended, reconnecting ... [oms.broker.xts_socket]
2026-07-17T07:25:08.199770Z [debug    ] XTS socket session ended, reconnecting ... [oms.broker.xts_socket]
2026-07-17T07:25:11.209749Z [debug    ] XTS socket session ended, reconnecting ... [oms.broker.xts_socket]
2026-07-17T07:25:14.219548Z [debug    ] XTS socket session ended, reconnecting ... [oms.broker.xts_socket]
2026-07-17T07:25:17.230569Z [debug    ] XTS socket session ended, reconnecting ... [oms.broker.xts_socket]
2026-07-17T07:25:20.240860Z [debug    ] XTS socket session ended, reconnecting ... [oms.broker.xts_socket]
2026-07-17T07:25:23.250999Z [debug    ] XTS socket session ended, reconnecting ... [oms.broker.xts_socket]
2026-07-17T07:25:26.261348Z [debug    ] XTS socket session ended, reconnecting ... [oms.broker.xts_socket]
2026-07-17T07:25:29.271690Z [debug    ] XTS socket session ended, reconnecting ... [oms.broker.xts_socket]
2026-07-17T07:25:32.282399Z [debug    ] XTS socket session ended, reconnecting ... [oms.broker.xts_socket]
2026-07-17T07:25:35.292040Z [debug    ] XTS socket session ended, reconnecting ... [oms.broker.xts_socket]
2026-07-17T07:25:38.302789Z [debug    ] XTS socket session ended, reconnecting ... [oms.broker.xts_socket]
2026-07-17T07:25:41.312872Z [debug    ] XTS socket session ended, reconnecting ... [oms.broker.xts_socket]
2026-07-17T07:25:44.322117Z [debug    ] XTS socket session ended, reconnecting ... [oms.broker.xts_socket]
2026-07-17T07:25:47.332287Z [debug    ] XTS socket session ended, reconnecting ... [oms.broker.xts_socket]
2026-07-17T07:25:50.342495Z [debug    ] XTS socket session ended, reconnecting ... [oms.broker.xts_socket]
2026-07-17T07:25:53.352557Z [debug    ] XTS socket session ended, reconnecting ... [oms.broker.xts_socket]
2026-07-17T07:25:56.363021Z [debug    ] XTS socket session ended, reconnecting ... [oms.broker.xts_socket]
2026-07-17T07:25:59.373242Z [debug    ] XTS socket session ended, reconnecting ... [oms.broker.xts_socket]
2026-07-17T07:26:02.384053Z [debug    ] XTS socket session ended, reconnecting ... [oms.broker.xts_socket]
2026-07-17T07:26:05.394432Z [debug    ] XTS socket session ended, reconnecting ... [oms.broker.xts_socket]
2026-07-17T07:26:08.404727Z [debug    ] XTS socket session ended, reconnecting ... [oms.broker.xts_socket]
2026-07-17T07:26:11.414852Z [debug    ] XTS socket session ended, reconnecting ... [oms.broker.xts_socket]
2026-07-17T07:26:14.425240Z [debug    ] XTS socket session ended, reconnecting ... [oms.broker.xts_socket]
2026-07-17T07:26:17.436129Z [debug    ] XTS socket session ended, reconnecting ... [oms.broker.xts_socket]
2026-07-17T07:26:20.445846Z [debug    ] XTS socket session ended, reconnecting ... [oms.broker.xts_socket]
2026-07-17T07:26:23.456366Z [debug    ] XTS socket session ended, reconnecting ... [oms.broker.xts_socket]
2026-07-17T07:26:26.466990Z [debug    ] XTS socket session ended, reconnecting ... [oms.broker.xts_socket]
2026-07-17T07:26:29.477533Z [debug    ] XTS socket session ended, reconnecting ... [oms.broker.xts_socket]
2026-07-17T07:26:32.487386Z [debug    ] XTS socket session ended, reconnecting ... [oms.broker.xts_socket]
2026-07-17T07:26:35.497963Z [debug    ] XTS socket session ended, reconnecting ... [oms.broker.xts_socket]
2026-07-17T07:26:38.508459Z [debug    ] XTS socket session ended, reconnecting ... [oms.broker.xts_socket]
2026-07-17T07:26:41.518274Z [debug    ] XTS socket session ended, reconnecting ... [oms.broker.xts_socket]
2026-07-17T07:26:44.528919Z [debug    ] XTS socket session ended, reconnecting ... [oms.broker.xts_socket]
2026-07-17T07:26:47.539164Z [debug    ] XTS socket session ended, reconnecting ... [oms.broker.xts_socket]
2026-07-17T07:26:50.549407Z [debug    ] XTS socket session ended, reconnecting ... [oms.broker.xts_socket]
2026-07-17T07:26:53.559735Z [debug    ] XTS socket session ended, reconnecting ... [oms.broker.xts_socket]
2026-07-17T07:26:56.566909Z [debug    ] XTS socket session ended, reconnecting ... [oms.broker.xts_socket]
2026-07-17T07:26:59.576673Z [debug    ] XTS socket session ended, reconnecting ... [oms.broker.xts_socket]
2026-07-17T07:27:02.585740Z [debug    ] XTS socket session ended, reconnecting ... [oms.broker.xts_socket]
2026-07-17T07:27:05.595076Z [debug    ] XTS socket session ended, reconnecting ... [oms.broker.xts_socket]
2026-07-17T07:27:08.604679Z [debug    ] XTS socket session ended, reconnecting ... [oms.broker.xts_socket]
2026-07-17T07:27:11.613252Z [debug    ] XTS socket session ended, reconnecting ... [oms.broker.xts_socket]
2026-07-17T07:27:14.623482Z [debug    ] XTS socket session ended, reconnecting ... [oms.broker.xts_socket]
2026-07-17T07:27:17.633536Z [debug    ] XTS socket session ended, reconnecting ... [oms.broker.xts_socket]
2026-07-17T07:27:20.641225Z [debug    ] XTS socket session ended, reconnecting ... [oms.broker.xts_socket]
2026-07-17T07:27:23.650645Z [debug    ] XTS socket session ended, reconnecting ... [oms.broker.xts_socket]
2026-07-17T07:27:26.660267Z [debug    ] XTS socket session ended, reconnecting ... [oms.broker.xts_socket]
2026-07-17T07:27:29.670064Z [debug    ] XTS socket session ended, reconnecting ... [oms.broker.xts_socket]
2026-07-17T07:27:32.680936Z [debug    ] XTS socket session ended, reconnecting ... [oms.broker.xts_socket]
2026-07-17T07:27:35.691435Z [debug    ] XTS socket session ended, reconnecting ... [oms.broker.xts_socket]
2026-07-17T07:27:38.701585Z [debug    ] XTS socket session ended, reconnecting ... [oms.broker.xts_socket]
2026-07-17T07:27:41.711593Z [debug    ] XTS socket session ended, reconnecting ... [oms.broker.xts_socket]
2026-07-17T07:27:44.454424Z [info     ] Signal received                [oms.core.order_manager] msg_type=PLACE_ORDER signal_id=44095fff6a4e4ec4a623eedb21761ea4 strategy=NIFTY_SIGNAL_BRIDGE
2026-07-17T07:27:44.455924Z [info     ] Order queued                   [oms.core.order_manager] instrument=NIFTY2672124250CE oms_order_id=366ace3fa8e44bb7b4 qty=65 side=BUY strategy=NIFTY_SIGNAL_BRIDGE
2026-07-17T07:27:44.457930Z [info     ] Placing order                  [oms.broker.xts_adapter] exchange_segment=NSEFO instrument_id=57350 price=125.45 qty=65 side=BUY
2026-07-17T07:27:44.513481Z [debug    ] XTS API response               [oms.broker.xts_adapter] body='{"type":"error","code":"e-session-0005","description":"Token/Authorization not found"}' status_code=400 url=https://eztrade.wealthdiscovery.in/interactive/orders
2026-07-17T07:27:44.513481Z [warning  ] Order placement failed, retrying [oms.core.order_manager] attempt=1 delay=0.5 error="Client error '400 Bad Request' for url 'https://eztrade.wealthdiscovery.in/interactive/orders'\nFor more information check: https://developer.mozilla.org/en-US/docs/Web/HTTP/Status/400"
2026-07-17T07:27:44.720616Z [debug    ] XTS socket session ended, reconnecting ... [oms.broker.xts_socket]
2026-07-17T07:27:45.023815Z [info     ] Placing order                  [oms.broker.xts_adapter] exchange_segment=NSEFO instrument_id=57350 price=125.45 qty=65 side=BUY
2026-07-17T07:27:45.038823Z [debug    ] XTS API response               [oms.broker.xts_adapter] body='{"type":"error","code":"e-session-0005","description":"Token/Authorization not found"}' status_code=400 url=https://eztrade.wealthdiscovery.in/interactive/orders
2026-07-17T07:27:45.038823Z [warning  ] Order placement failed, retrying [oms.core.order_manager] attempt=2 delay=0.5 error="Client error '400 Bad Request' for url 'https://eztrade.wealthdiscovery.in/interactive/orders'\nFor more information check: https://developer.mozilla.org/en-US/docs/Web/HTTP/Status/400"
2026-07-17T07:27:45.550747Z [info     ] Placing order                  [oms.broker.xts_adapter] exchange_segment=NSEFO instrument_id=57350 price=125.45 qty=65 side=BUY
2026-07-17T07:27:45.564814Z [debug    ] XTS API response               [oms.broker.xts_adapter] body='{"type":"error","code":"e-session-0005","description":"Token/Authorization not found"}' status_code=400 url=https://eztrade.wealthdiscovery.in/interactive/orders
2026-07-17T07:27:45.566250Z [debug    ] Response published             [oms.core.order_manager] msg_type=ORDER_ERROR oms_order_id=366ace3fa8e44bb7b4 status=ERROR strategy=NIFTY_SIGNAL_BRIDGE
2026-07-17T07:27:45.566250Z [error    ] Order error                    [oms.core.order_manager] error_code=BROKER_ERROR error_message="Client error '400 Bad Request' for url 'https://eztrade.wealthdiscovery.in/interactive/orders'\nFor more information check: https://developer.mozilla.org/en-US/docs/Web/HTTP/Status/400" oms_order_id=366ace3fa8e44bb7b4 strategy=NIFTY_SIGNAL_BRIDGE
2026-07-17T07:27:45.566749Z [error    ] Order placement failed after retries [oms.core.order_manager] error="Client error '400 Bad Request' for url 'https://eztrade.wealthdiscovery.in/interactive/orders'\nFor more information check: https://developer.mozilla.org/en-US/docs/Web/HTTP/Status/400" oms_order_id=366ace3fa8e44bb7b4 strategy=NIFTY_SIGNAL_BRIDGE
2026-07-17T07:27:47.729214Z [debug    ] XTS socket session ended, reconnecting ... [oms.broker.xts_socket]
2026-07-17T07:27:50.740385Z [debug    ] XTS socket session ended, reconnecting ... [oms.broker.xts_socket]
2026-07-17T07:27:53.748485Z [debug    ] XTS socket session ended, reconnecting ... [oms.broker.xts_socket]
2026-07-17T07:27:56.758110Z [debug    ] XTS socket session ended, reconnecting ... [oms.broker.xts_socket]
2026-07-17T07:27:59.768819Z [debug    ] XTS socket session ended, reconnecting ... [oms.broker.xts_socket]
2026-07-17T07:28:02.779282Z [debug    ] XTS socket session ended, reconnecting ... [oms.broker.xts_socket]
2026-07-17T07:28:05.789290Z [debug    ] XTS socket session ended, reconnecting ... [oms.broker.xts_socket]
2026-07-17T07:28:08.799938Z [debug    ] XTS socket session ended, reconnecting ... [oms.broker.xts_socket]
2026-07-17T07:28:11.810287Z [debug    ] XTS socket session ended, reconnecting ... [oms.broker.xts_socket]
2026-07-17T07:28:14.819924Z [debug    ] XTS socket session ended, reconnecting ... [oms.broker.xts_socket]
2026-07-17T07:28:17.831137Z [debug    ] XTS socket session ended, reconnecting ... [oms.broker.xts_socket]
2026-07-17T07:28:20.841316Z [debug    ] XTS socket session ended, reconnecting ... [oms.broker.xts_socket]
2026-07-17T07:28:23.851638Z [debug    ] XTS socket session ended, reconnecting ... [oms.broker.xts_socket]
2026-07-17T07:28:26.861476Z [debug    ] XTS socket session ended, reconnecting ... [oms.broker.xts_socket]
2026-07-17T07:28:29.871187Z [debug    ] XTS socket session ended, reconnecting ... [oms.broker.xts_socket]
2026-07-17T07:28:32.880505Z [debug    ] XTS socket session ended, reconnecting ... [oms.broker.xts_socket]
2026-07-17T07:28:35.891562Z [debug    ] XTS socket session ended, reconnecting ... [oms.broker.xts_socket]
2026-07-17T07:28:38.901967Z [debug    ] XTS socket session ended, reconnecting ... [oms.broker.xts_socket]
2026-07-17T07:28:41.912199Z [debug    ] XTS socket session ended, reconnecting ... [oms.broker.xts_socket]
2026-07-17T07:28:44.924007Z [debug    ] XTS socket session ended, reconnecting ... [oms.broker.xts_socket]
2026-07-17T07:28:47.934997Z [debug    ] XTS socket session ended, reconnecting ... [oms.broker.xts_socket]
2026-07-17T07:28:50.944947Z [debug    ] XTS socket session ended, reconnecting ... [oms.broker.xts_socket]
2026-07-17T07:28:53.952263Z [debug    ] XTS socket session ended, reconnecting ... [oms.broker.xts_socket]
2026-07-17T07:28:56.961642Z [debug    ] XTS socket session ended, reconnecting ... [oms.broker.xts_socket]
2026-07-17T07:28:59.972297Z [debug    ] XTS socket session ended, reconnecting ... [oms.broker.xts_socket]
2026-07-17T07:29:02.981622Z [debug    ] XTS socket session ended, reconnecting ... [oms.broker.xts_socket]
2026-07-17T07:29:05.991281Z [debug    ] XTS socket session ended, reconnecting ... [oms.broker.xts_socket]
2026-07-17T07:29:08.999866Z [debug    ] XTS socket session ended, reconnecting ... [oms.broker.xts_socket]
2026-07-17T07:29:12.010243Z [debug    ] XTS socket session ended, reconnecting ... [oms.broker.xts_socket]
2026-07-17T07:29:15.020893Z [debug    ] XTS socket session ended, reconnecting ... [oms.broker.xts_socket]
2026-07-17T07:29:18.031221Z [debug    ] XTS socket session ended, reconnecting ... [oms.broker.xts_socket]
2026-07-17T07:29:21.041183Z [debug    ] XTS socket session ended, reconnecting ... [oms.broker.xts_socket]
2026-07-17T07:29:24.049797Z [debug    ] XTS socket session ended, reconnecting ... [oms.broker.xts_socket]
2026-07-17T07:29:27.060615Z [debug    ] XTS socket session ended, reconnecting ... [oms.broker.xts_socket]
2026-07-17T07:29:30.070605Z [debug    ] XTS socket session ended, reconnecting ... [oms.broker.xts_socket]
2026-07-17T07:29:33.077535Z [debug    ] XTS socket session ended, reconnecting ... [oms.broker.xts_socket]
2026-07-17T07:29:36.087727Z [debug    ] XTS socket session ended, reconnecting ... [oms.broker.xts_socket]
2026-07-17T07:29:39.098480Z [debug    ] XTS socket session ended, reconnecting ... [oms.broker.xts_socket]
2026-07-17T07:29:42.108595Z [debug    ] XTS socket session ended, reconnecting ... [oms.broker.xts_socket]
2026-07-17T07:29:45.117085Z [debug    ] XTS socket session ended, reconnecting ... [oms.broker.xts_socket]
2026-07-17T07:29:48.127824Z [debug    ] XTS socket session ended, reconnecting ... [oms.broker.xts_socket]
2026-07-17T07:29:51.137661Z [debug    ] XTS socket session ended, reconnecting ... [oms.broker.xts_socket]
2026-07-17T07:29:54.148523Z [debug    ] XTS socket session ended, reconnecting ... [oms.broker.xts_socket]
2026-07-17T07:29:57.158677Z [debug    ] XTS socket session ended, reconnecting ... [oms.broker.xts_socket]
2026-07-17T07:30:00.168846Z [debug    ] XTS socket session ended, reconnecting ... [oms.broker.xts_socket]
2026-07-17T07:30:03.179093Z [debug    ] XTS socket session ended, reconnecting ... [oms.broker.xts_socket]
2026-07-17T07:30:06.188174Z [debug    ] XTS socket session ended, reconnecting ... [oms.broker.xts_socket]
2026-07-17T07:30:09.198415Z [debug    ] XTS socket session ended, reconnecting ... [oms.broker.xts_socket]
2026-07-17T07:30:12.207524Z [debug    ] XTS socket session ended, reconnecting ... [oms.broker.xts_socket]
2026-07-17T07:30:15.217332Z [debug    ] XTS socket session ended, reconnecting ... [oms.broker.xts_socket]
2026-07-17T07:30:18.227707Z [debug    ] XTS socket session ended, reconnecting ... [oms.broker.xts_socket]
2026-07-17T07:30:21.238172Z [debug    ] XTS socket session ended, reconnecting ... [oms.broker.xts_socket]
2026-07-17T07:30:24.248469Z [debug    ] XTS socket session ended, reconnecting ... [oms.broker.xts_socket]
2026-07-17T07:30:27.258306Z [debug    ] XTS socket session ended, reconnecting ... [oms.broker.xts_socket]
2026-07-17T07:30:30.268913Z [debug    ] XTS socket session ended, reconnecting ... [oms.broker.xts_socket]
2026-07-17T07:30:33.277985Z [debug    ] XTS socket session ended, reconnecting ... [oms.broker.xts_socket]
2026-07-17T07:30:36.288137Z [debug    ] XTS socket session ended, reconnecting ... [oms.broker.xts_socket]
2026-07-17T07:30:39.298370Z [debug    ] XTS socket session ended, reconnecting ... [oms.broker.xts_socket]
2026-07-17T07:30:42.306926Z [debug    ] XTS socket session ended, reconnecting ... [oms.broker.xts_socket]
2026-07-17T07:30:45.315543Z [debug    ] XTS socket session ended, reconnecting ... [oms.broker.xts_socket]
2026-07-17T07:30:48.325928Z [debug    ] XTS socket session ended, reconnecting ... [oms.broker.xts_socket]
2026-07-17T07:30:51.336443Z [debug    ] XTS socket session ended, reconnecting ... [oms.broker.xts_socket]
2026-07-17T07:30:54.344977Z [debug    ] XTS socket session ended, reconnecting ... [oms.broker.xts_socket]
2026-07-17T07:30:57.354936Z [debug    ] XTS socket session ended, reconnecting ... [oms.broker.xts_socket]
2026-07-17T07:31:00.366366Z [debug    ] XTS socket session ended, reconnecting ... [oms.broker.xts_socket]
2026-07-17T07:31:03.376154Z [debug    ] XTS socket session ended, reconnecting ... [oms.broker.xts_socket]
2026-07-17T07:31:06.386760Z [debug    ] XTS socket session ended, reconnecting ... [oms.broker.xts_socket]
2026-07-17T07:31:09.396533Z [debug    ] XTS socket session ended, reconnecting ... [oms.broker.xts_socket]
2026-07-17T07:31:12.407451Z [debug    ] XTS socket session ended, reconnecting ... [oms.broker.xts_socket]
2026-07-17T07:31:15.417629Z [debug    ] XTS socket session ended, reconnecting ... [oms.broker.xts_socket]
2026-07-17T07:31:18.427571Z [debug    ] XTS socket session ended, reconnecting ... [oms.broker.xts_socket]
2026-07-17T07:31:21.437873Z [debug    ] XTS socket session ended, reconnecting ... [oms.broker.xts_socket]
2026-07-17T07:31:24.448473Z [debug    ] XTS socket session ended, reconnecting ... [oms.broker.xts_socket]
2026-07-17T07:31:27.458789Z [debug    ] XTS socket session ended, reconnecting ... [oms.broker.xts_socket]
2026-07-17T07:31:30.469129Z [debug    ] XTS socket session ended, reconnecting ... [oms.broker.xts_socket]
2026-07-17T07:31:33.478366Z [debug    ] XTS socket session ended, reconnecting ... [oms.broker.xts_socket]
2026-07-17T07:31:36.487989Z [debug    ] XTS socket session ended, reconnecting ... [oms.broker.xts_socket]
2026-07-17T07:31:39.498347Z [debug    ] XTS socket session ended, reconnecting ... [oms.broker.xts_socket]
2026-07-17T07:31:42.508536Z [debug    ] XTS socket session ended, reconnecting ... [oms.broker.xts_socket]
2026-07-17T07:31:45.519227Z [debug    ] XTS socket session ended, reconnecting ... [oms.broker.xts_socket]
2026-07-17T07:31:48.529470Z [debug    ] XTS socket session ended, reconnecting ... [oms.broker.xts_socket]
2026-07-17T07:31:51.539757Z [debug    ] XTS socket session ended, reconnecting ... [oms.broker.xts_socket]
2026-07-17T07:31:54.549983Z [debug    ] XTS socket session ended, reconnecting ... [oms.broker.xts_socket]
2026-07-17T07:31:57.560845Z [debug    ] XTS socket session ended, reconnecting ... [oms.broker.xts_socket]
2026-07-17T07:32:00.571210Z [debug    ] XTS socket session ended, reconnecting ... [oms.broker.xts_socket]
2026-07-17T07:32:03.580973Z [debug    ] XTS socket session ended, reconnecting ... [oms.broker.xts_socket]
2026-07-17T07:32:06.591270Z [debug    ] XTS socket session ended, reconnecting ... [oms.broker.xts_socket]
2026-07-17T07:32:09.602269Z [debug    ] XTS socket session ended, reconnecting ... [oms.broker.xts_socket]
2026-07-17T07:32:12.611768Z [debug    ] XTS socket session ended, reconnecting ... [oms.broker.xts_socket]
2026-07-17T07:32:15.622662Z [debug    ] XTS socket session ended, reconnecting ... [oms.broker.xts_socket]
2026-07-17T07:32:18.632999Z [debug    ] XTS socket session ended, reconnecting ... [oms.broker.xts_socket]
2026-07-17T07:32:21.643075Z [debug    ] XTS socket session ended, reconnecting ... [oms.broker.xts_socket]
2026-07-17T07:32:24.653826Z [debug    ] XTS socket session ended, reconnecting ... [oms.broker.xts_socket]
2026-07-17T07:32:27.664561Z [debug    ] XTS socket session ended, reconnecting ... [oms.broker.xts_socket]
2026-07-17T07:32:30.674600Z [debug    ] XTS socket session ended, reconnecting ... [oms.broker.xts_socket]
2026-07-17T07:32:33.684859Z [debug    ] XTS socket session ended, reconnecting ... [oms.broker.xts_socket]
2026-07-17T07:32:36.695127Z [debug    ] XTS socket session ended, reconnecting ... [oms.broker.xts_socket]
2026-07-17T07:32:39.705366Z [debug    ] XTS socket session ended, reconnecting ... [oms.broker.xts_socket]
2026-07-17T07:32:42.715251Z [debug    ] XTS socket session ended, reconnecting ... [oms.broker.xts_socket]
2026-07-17T07:32:45.723075Z [debug    ] XTS socket session ended, reconnecting ... [oms.broker.xts_socket]
2026-07-17T07:32:48.732763Z [debug    ] XTS socket session ended, reconnecting ... [oms.broker.xts_socket]
2026-07-17T07:32:51.741881Z [debug    ] XTS socket session ended, reconnecting ... [oms.broker.xts_socket]
2026-07-17T07:32:54.752210Z [debug    ] XTS socket session ended, reconnecting ... [oms.broker.xts_socket]
2026-07-17T07:32:57.760745Z [debug    ] XTS socket session ended, reconnecting ... [oms.broker.xts_socket]
2026-07-17T07:33:00.771161Z [debug    ] XTS socket session ended, reconnecting ... [oms.broker.xts_socket]
2026-07-17T07:33:03.782186Z [debug    ] XTS socket session ended, reconnecting ... [oms.broker.xts_socket]
2026-07-17T07:33:06.791007Z [debug    ] XTS socket session ended, reconnecting ... [oms.broker.xts_socket]
2026-07-17T07:33:09.802160Z [debug    ] XTS socket session ended, reconnecting ... [oms.broker.xts_socket]
2026-07-17T07:33:12.812746Z [debug    ] XTS socket session ended, reconnecting ... [oms.broker.xts_socket]
2026-07-17T07:33:15.819808Z [debug    ] XTS socket session ended, reconnecting ... [oms.broker.xts_socket]
2026-07-17T07:33:18.829496Z [debug    ] XTS socket session ended, reconnecting ... [oms.broker.xts_socket]
2026-07-17T07:33:21.839679Z [debug    ] XTS socket session ended, reconnecting ... [oms.broker.xts_socket]
2026-07-17T07:33:24.850404Z [debug    ] XTS socket session ended, reconnecting ... [oms.broker.xts_socket]
2026-07-17T07:33:27.860935Z [debug    ] XTS socket session ended, reconnecting ... [oms.broker.xts_socket]
2026-07-17T07:33:30.869234Z [debug    ] XTS socket session ended, reconnecting ... [oms.broker.xts_socket]
2026-07-17T07:33:33.879400Z [debug    ] XTS socket session ended, reconnecting ... [oms.broker.xts_socket]
2026-07-17T07:33:36.886913Z [debug    ] XTS socket session ended, reconnecting ... [oms.broker.xts_socket]
2026-07-17T07:33:39.895395Z [debug    ] XTS socket session ended, reconnecting ... [oms.broker.xts_socket]
2026-07-17T07:33:42.904435Z [debug    ] XTS socket session ended, reconnecting ... [oms.broker.xts_socket]
2026-07-17T07:33:45.914500Z [debug    ] XTS socket session ended, reconnecting ... [oms.broker.xts_socket]
2026-07-17T07:33:48.924244Z [debug    ] XTS socket session ended, reconnecting ... [oms.broker.xts_socket]
2026-07-17T07:33:51.934990Z [debug    ] XTS socket session ended, reconnecting ... [oms.broker.xts_socket]
2026-07-17T07:33:54.943672Z [debug    ] XTS socket session ended, reconnecting ... [oms.broker.xts_socket]
2026-07-17T07:33:57.953871Z [debug    ] XTS socket session ended, reconnecting ... [oms.broker.xts_socket]
2026-07-17T07:34:00.961672Z [debug    ] XTS socket session ended, reconnecting ... [oms.broker.xts_socket]
2026-07-17T07:34:03.970771Z [debug    ] XTS socket session ended, reconnecting ... [oms.broker.xts_socket]
2026-07-17T07:34:06.981524Z [debug    ] XTS socket session ended, reconnecting ... [oms.broker.xts_socket]
2026-07-17T07:34:09.991899Z [debug    ] XTS socket session ended, reconnecting ... [oms.broker.xts_socket]
2026-07-17T07:34:13.002469Z [debug    ] XTS socket session ended, reconnecting ... [oms.broker.xts_socket]
2026-07-17T07:34:16.012762Z [debug    ] XTS socket session ended, reconnecting ... [oms.broker.xts_socket]
2026-07-17T07:34:19.022891Z [debug    ] XTS socket session ended, reconnecting ... [oms.broker.xts_socket]
2026-07-17T07:34:22.033422Z [debug    ] XTS socket session ended, reconnecting ... [oms.broker.xts_socket]
2026-07-17T07:34:25.043207Z [debug    ] XTS socket session ended, reconnecting ... [oms.broker.xts_socket]
2026-07-17T07:34:28.052285Z [debug    ] XTS socket session ended, reconnecting ... [oms.broker.xts_socket]
2026-07-17T07:34:31.063238Z [debug    ] XTS socket session ended, reconnecting ... [oms.broker.xts_socket]
2026-07-17T07:34:34.072803Z [debug    ] XTS socket session ended, reconnecting ... [oms.broker.xts_socket]
2026-07-17T07:34:37.083569Z [debug    ] XTS socket session ended, reconnecting ... [oms.broker.xts_socket]
2026-07-17T07:34:40.093683Z [debug    ] XTS socket session ended, reconnecting ... [oms.broker.xts_socket]
2026-07-17T07:34:43.104015Z [debug    ] XTS socket session ended, reconnecting ... [oms.broker.xts_socket]
2026-07-17T07:34:46.114190Z [debug    ] XTS socket session ended, reconnecting ... [oms.broker.xts_socket]
2026-07-17T07:34:49.124348Z [debug    ] XTS socket session ended, reconnecting ... [oms.broker.xts_socket]
2026-07-17T07:34:52.135071Z [debug    ] XTS socket session ended, reconnecting ... [oms.broker.xts_socket]
2026-07-17T07:34:55.145253Z [debug    ] XTS socket session ended, reconnecting ... [oms.broker.xts_socket]
2026-07-17T07:34:58.155480Z [debug    ] XTS socket session ended, reconnecting ... [oms.broker.xts_socket]
2026-07-17T07:35:01.165690Z [debug    ] XTS socket session ended, reconnecting ... [oms.broker.xts_socket]
2026-07-17T07:35:04.176409Z [debug    ] XTS socket session ended, reconnecting ... [oms.broker.xts_socket]
2026-07-17T07:35:07.186959Z [debug    ] XTS socket session ended, reconnecting ... [oms.broker.xts_socket]
2026-07-17T07:35:10.197123Z [debug    ] XTS socket session ended, reconnecting ... [oms.broker.xts_socket]
2026-07-17T07:35:13.207343Z [debug    ] XTS socket session ended, reconnecting ... [oms.broker.xts_socket]
2026-07-17T07:35:16.218017Z [debug    ] XTS socket session ended, reconnecting ... [oms.broker.xts_socket]
2026-07-17T07:35:19.227690Z [debug    ] XTS socket session ended, reconnecting ... [oms.broker.xts_socket]
2026-07-17T07:35:22.238430Z [debug    ] XTS socket session ended, reconnecting ... [oms.broker.xts_socket]
2026-07-17T07:35:25.249060Z [debug    ] XTS socket session ended, reconnecting ... [oms.broker.xts_socket]
2026-07-17T07:35:28.258810Z [debug    ] XTS socket session ended, reconnecting ... [oms.broker.xts_socket]
2026-07-17T07:35:31.269444Z [debug    ] XTS socket session ended, reconnecting ... [oms.broker.xts_socket]
2026-07-17T07:35:34.280264Z [debug    ] XTS socket session ended, reconnecting ... [oms.broker.xts_socket]
2026-07-17T07:35:37.290319Z [debug    ] XTS socket session ended, reconnecting ... [oms.broker.xts_socket]
2026-07-17T07:35:40.299084Z [debug    ] XTS socket session ended, reconnecting ... [oms.broker.xts_socket]
2026-07-17T07:35:43.308678Z [debug    ] XTS socket session ended, reconnecting ... [oms.broker.xts_socket]
2026-07-17T07:35:46.317652Z [debug    ] XTS socket session ended, reconnecting ... [oms.broker.xts_socket]
2026-07-17T07:35:49.328012Z [debug    ] XTS socket session ended, reconnecting ... [oms.broker.xts_socket]
2026-07-17T07:35:52.338711Z [debug    ] XTS socket session ended, reconnecting ... [oms.broker.xts_socket]
2026-07-17T07:35:55.347502Z [debug    ] XTS socket session ended, reconnecting ... [oms.broker.xts_socket]
2026-07-17T07:35:58.358076Z [debug    ] XTS socket session ended, reconnecting ... [oms.broker.xts_socket]
2026-07-17T07:36:01.368082Z [debug    ] XTS socket session ended, reconnecting ... [oms.broker.xts_socket]
2026-07-17T07:36:04.377934Z [debug    ] XTS socket session ended, reconnecting ... [oms.broker.xts_socket]
2026-07-17T07:36:07.388060Z [debug    ] XTS socket session ended, reconnecting ... [oms.broker.xts_socket]
2026-07-17T07:36:10.399390Z [debug    ] XTS socket session ended, reconnecting ... [oms.broker.xts_socket]
2026-07-17T07:36:13.408934Z [debug    ] XTS socket session ended, reconnecting ... [oms.broker.xts_socket]
2026-07-17T07:36:16.419960Z [debug    ] XTS socket session ended, reconnecting ... [oms.broker.xts_socket]
2026-07-17T07:36:19.428990Z [debug    ] XTS socket session ended, reconnecting ... [oms.broker.xts_socket]
2026-07-17T07:36:22.438670Z [debug    ] XTS socket session ended, reconnecting ... [oms.broker.xts_socket]
2026-07-17T07:36:25.448830Z [debug    ] XTS socket session ended, reconnecting ... [oms.broker.xts_socket]
2026-07-17T07:36:28.459183Z [debug    ] XTS socket session ended, reconnecting ... [oms.broker.xts_socket]
2026-07-17T07:36:31.469626Z [debug    ] XTS socket session ended, reconnecting ... [oms.broker.xts_socket]
2026-07-17T07:36:34.480595Z [debug    ] XTS socket session ended, reconnecting ... [oms.broker.xts_socket]
2026-07-17T07:36:37.490221Z [debug    ] XTS socket session ended, reconnecting ... [oms.broker.xts_socket]
2026-07-17T07:36:40.499187Z [debug    ] XTS socket session ended, reconnecting ... [oms.broker.xts_socket]
2026-07-17T07:36:43.507888Z [debug    ] XTS socket session ended, reconnecting ... [oms.broker.xts_socket]
2026-07-17T07:36:46.518326Z [debug    ] XTS socket session ended, reconnecting ... [oms.broker.xts_socket]
2026-07-17T07:36:49.526869Z [debug    ] XTS socket session ended, reconnecting ... [oms.broker.xts_socket]
2026-07-17T07:36:52.537355Z [debug    ] XTS socket session ended, reconnecting ... [oms.broker.xts_socket]
2026-07-17T07:36:55.545480Z [debug    ] XTS socket session ended, reconnecting ... [oms.broker.xts_socket]
2026-07-17T07:36:58.555483Z [debug    ] XTS socket session ended, reconnecting ... [oms.broker.xts_socket]
2026-07-17T07:37:01.566254Z [debug    ] XTS socket session ended, reconnecting ... [oms.broker.xts_socket]
2026-07-17T07:37:04.576430Z [debug    ] XTS socket session ended, reconnecting ... [oms.broker.xts_socket]
2026-07-17T07:37:07.587258Z [debug    ] XTS socket session ended, reconnecting ... [oms.broker.xts_socket]
2026-07-17T07:37:10.596963Z [debug    ] XTS socket session ended, reconnecting ... [oms.broker.xts_socket]
2026-07-17T07:37:13.607404Z [debug    ] XTS socket session ended, reconnecting ... [oms.broker.xts_socket]
2026-07-17T07:37:16.616485Z [debug    ] XTS socket session ended, reconnecting ... [oms.broker.xts_socket]
2026-07-17T07:37:19.626693Z [debug    ] XTS socket session ended, reconnecting ... [oms.broker.xts_socket]
2026-07-17T07:37:22.635960Z [debug    ] XTS socket session ended, reconnecting ... [oms.broker.xts_socket]
2026-07-17T07:37:25.645982Z [debug    ] XTS socket session ended, reconnecting ... [oms.broker.xts_socket]
2026-07-17T07:37:28.655596Z [debug    ] XTS socket session ended, reconnecting ... [oms.broker.xts_socket]
2026-07-17T07:37:31.664662Z [debug    ] XTS socket session ended, reconnecting ... [oms.broker.xts_socket]
2026-07-17T07:37:34.674820Z [debug    ] XTS socket session ended, reconnecting ... [oms.broker.xts_socket]
2026-07-17T07:37:37.685283Z [debug    ] XTS socket session ended, reconnecting ... [oms.broker.xts_socket]
2026-07-17T07:37:40.695560Z [debug    ] XTS socket session ended, reconnecting ... [oms.broker.xts_socket]
2026-07-17T07:37:43.703940Z [debug    ] XTS socket session ended, reconnecting ... [oms.broker.xts_socket]
2026-07-17T07:37:46.713935Z [debug    ] XTS socket session ended, reconnecting ... [oms.broker.xts_socket]
2026-07-17T07:37:49.722925Z [debug    ] XTS socket session ended, reconnecting ... [oms.broker.xts_socket]
2026-07-17T07:37:52.733892Z [debug    ] XTS socket session ended, reconnecting ... [oms.broker.xts_socket]
2026-07-17T07:37:55.743266Z [debug    ] XTS socket session ended, reconnecting ... [oms.broker.xts_socket]
2026-07-17T07:37:58.752827Z [debug    ] XTS socket session ended, reconnecting ... [oms.broker.xts_socket]
2026-07-17T07:38:01.760153Z [debug    ] XTS socket session ended, reconnecting ... [oms.broker.xts_socket]
2026-07-17T07:38:04.769765Z [debug    ] XTS socket session ended, reconnecting ... [oms.broker.xts_socket]
2026-07-17T07:38:07.779991Z [debug    ] XTS socket session ended, reconnecting ... [oms.broker.xts_socket]
2026-07-17T07:38:10.790406Z [debug    ] XTS socket session ended, reconnecting ... [oms.broker.xts_socket]
2026-07-17T07:38:13.800214Z [debug    ] XTS socket session ended, reconnecting ... [oms.broker.xts_socket]
2026-07-17T07:38:16.809427Z [debug    ] XTS socket session ended, reconnecting ... [oms.broker.xts_socket]
2026-07-17T07:38:19.819817Z [debug    ] XTS socket session ended, reconnecting ... [oms.broker.xts_socket]
2026-07-17T07:38:22.830353Z [debug    ] XTS socket session ended, reconnecting ... [oms.broker.xts_socket]
2026-07-17T07:38:25.840225Z [debug    ] XTS socket session ended, reconnecting ... [oms.broker.xts_socket]
2026-07-17T07:38:28.850373Z [debug    ] XTS socket session ended, reconnecting ... [oms.broker.xts_socket]
2026-07-17T07:38:31.861214Z [debug    ] XTS socket session ended, reconnecting ... [oms.broker.xts_socket]
2026-07-17T07:38:34.871611Z [debug    ] XTS socket session ended, reconnecting ... [oms.broker.xts_socket]
2026-07-17T07:38:37.881768Z [debug    ] XTS socket session ended, reconnecting ... [oms.broker.xts_socket]
2026-07-17T07:38:40.892431Z [debug    ] XTS socket session ended, reconnecting ... [oms.broker.xts_socket]
2026-07-17T07:38:43.902620Z [debug    ] XTS socket session ended, reconnecting ... [oms.broker.xts_socket]
2026-07-17T07:38:46.912537Z [debug    ] XTS socket session ended, reconnecting ... [oms.broker.xts_socket]
2026-07-17T07:38:49.923111Z [debug    ] XTS socket session ended, reconnecting ... [oms.broker.xts_socket]
2026-07-17T07:38:52.933770Z [debug    ] XTS socket session ended, reconnecting ... [oms.broker.xts_socket]
2026-07-17T07:38:55.943330Z [debug    ] XTS socket session ended, reconnecting ... [oms.broker.xts_socket]
2026-07-17T07:38:58.952525Z [debug    ] XTS socket session ended, reconnecting ... [oms.broker.xts_socket]
2026-07-17T07:39:01.962432Z [debug    ] XTS socket session ended, reconnecting ... [oms.broker.xts_socket]
2026-07-17T07:39:04.971511Z [debug    ] XTS socket session ended, reconnecting ... [oms.broker.xts_socket]
2026-07-17T07:39:07.982447Z [debug    ] XTS socket session ended, reconnecting ... [oms.broker.xts_socket]
2026-07-17T07:39:10.992118Z [debug    ] XTS socket session ended, reconnecting ... [oms.broker.xts_socket]
2026-07-17T07:39:14.002783Z [debug    ] XTS socket session ended, reconnecting ... [oms.broker.xts_socket]
2026-07-17T07:39:17.011420Z [debug    ] XTS socket session ended, reconnecting ... [oms.broker.xts_socket]
2026-07-17T07:39:20.021288Z [debug    ] XTS socket session ended, reconnecting ... [oms.broker.xts_socket]
2026-07-17T07:39:23.032392Z [debug    ] XTS socket session ended, reconnecting ... [oms.broker.xts_socket]
2026-07-17T07:39:26.042614Z [debug    ] XTS socket session ended, reconnecting ... [oms.broker.xts_socket]
2026-07-17T07:39:29.051171Z [debug    ] XTS socket session ended, reconnecting ... [oms.broker.xts_socket]
2026-07-17T07:39:32.061359Z [debug    ] XTS socket session ended, reconnecting ... [oms.broker.xts_socket]
2026-07-17T07:39:35.071530Z [debug    ] XTS socket session ended, reconnecting ... [oms.broker.xts_socket]
2026-07-17T07:39:38.081692Z [debug    ] XTS socket session ended, reconnecting ... [oms.broker.xts_socket]
2026-07-17T07:39:41.092383Z [debug    ] XTS socket session ended, reconnecting ... [oms.broker.xts_socket]
2026-07-17T07:39:44.103127Z [debug    ] XTS socket session ended, reconnecting ... [oms.broker.xts_socket]
2026-07-17T07:39:47.113057Z [debug    ] XTS socket session ended, reconnecting ... [oms.broker.xts_socket]
2026-07-17T07:39:50.121230Z [debug    ] XTS socket session ended, reconnecting ... [oms.broker.xts_socket]
2026-07-17T07:39:53.132033Z [debug    ] XTS socket session ended, reconnecting ... [oms.broker.xts_socket]
2026-07-17T07:39:56.142192Z [debug    ] XTS socket session ended, reconnecting ... [oms.broker.xts_socket]
2026-07-17T07:39:59.152561Z [debug    ] XTS socket session ended, reconnecting ... [oms.broker.xts_socket]
2026-07-17T07:40:02.163113Z [debug    ] XTS socket session ended, reconnecting ... [oms.broker.xts_socket]
2026-07-17T07:40:05.173305Z [debug    ] XTS socket session ended, reconnecting ... [oms.broker.xts_socket]
2026-07-17T07:40:08.183860Z [debug    ] XTS socket session ended, reconnecting ... [oms.broker.xts_socket]
2026-07-17T07:40:11.192386Z [debug    ] XTS socket session ended, reconnecting ... [oms.broker.xts_socket]
2026-07-17T07:40:14.201326Z [debug    ] XTS socket session ended, reconnecting ... [oms.broker.xts_socket]
2026-07-17T07:40:17.211559Z [debug    ] XTS socket session ended, reconnecting ... [oms.broker.xts_socket]
2026-07-17T07:40:20.219716Z [debug    ] XTS socket session ended, reconnecting ... [oms.broker.xts_socket]
2026-07-17T07:40:23.230220Z [debug    ] XTS socket session ended, reconnecting ... [oms.broker.xts_socket]
2026-07-17T07:40:26.240912Z [debug    ] XTS socket session ended, reconnecting ... [oms.broker.xts_socket]
2026-07-17T07:40:29.251243Z [debug    ] XTS socket session ended, reconnecting ... [oms.broker.xts_socket]
2026-07-17T07:40:32.261769Z [debug    ] XTS socket session ended, reconnecting ... [oms.broker.xts_socket]
2026-07-17T07:40:35.271430Z [debug    ] XTS socket session ended, reconnecting ... [oms.broker.xts_socket]
2026-07-17T07:40:38.281150Z [debug    ] XTS socket session ended, reconnecting ... [oms.broker.xts_socket]
2026-07-17T07:40:41.290830Z [debug    ] XTS socket session ended, reconnecting ... [oms.broker.xts_socket]
2026-07-17T07:40:44.293812Z [info     ] Stopping OMS ...               [oms_server]
2026-07-17T07:40:44.294327Z [info     ] XTS interactive socket stop requested [oms.broker.xts_socket]
2026-07-17T07:40:44.294327Z [info     ] OMS shutdown initiated         [oms.core.order_manager]
2026-07-17T07:40:44.295311Z [info     ] XTS adapter closed             [oms.broker.xts_adapter]
2026-07-17T07:40:44.295815Z [info     ] OMS shutdown complete          [oms.core.order_manager]
2026-07-17T07:40:44.296319Z [info     ] OMS stopped cleanly.           [oms_server]
