2026-07-17 12:57:44 | INFO     | [QUEUED]   oms_id=366ace3fa8e44bb7b4 | signal_id=44095fff6a4e4ec4a623eedb21761ea4 | NIFTY2672124250CE | side=BUY | qty=65 | type=LIMIT
2026-07-17 12:57:45 | ERROR    | [OMS_ERROR] oms_id=366ace3fa8e44bb7b4 | code=BROKER_ERROR | Client error '400 Bad Request' for url 'https://eztrade.wealthdiscovery.in/interactive/orders'
For more information check: https://developer.mozilla.org/en-US/docs/Web/HTTP/Status/400
2026-07-17 12:57:45 | ERROR    | [ERROR]    oms_id=366ace3fa8e44bb7b4 | NIFTY2672124250CE | BROKER_ERROR | Client error '400 Bad Request' for url 'https://eztrade.wealthdiscovery.in/interactive/orders'
For more information check: https://developer.mozilla.org/en-US/docs/Web/HTTP/Status/400
2026-07-17 13:11:29 | INFO     | [QUEUED]   oms_id=71dbbe9e914c4b2892 | signal_id=5a0fe2f1d3af4c97bcc73c4f0daf1e11 | NIFTY2672124250CE | side=BUY | qty=65 | type=LIMIT
2026-07-17 13:11:29 | INFO     | [ACK]      oms_id=71dbbe9e914c4b2892 | broker_id=1110035192 | NIFTY2672124250CE | side=BUY | qty=65
2026-07-17 13:11:51 | WARNING  | [REJECTED]  oms_id=71dbbe9e914c4b2892 | NIFTY2672124250CE | reason=OEMS:RMS : CashToCollateralRatio :  - Cash is insufficient:  Required Additional [4082.12] in form of Cash. TotalRequired Cash : 4082.125, Cash Present : 0 for entity [Client]-[WD1768] across [ALL|ALL|ALL]
2026-07-17 13:53:18 | INFO     | [QUEUED]   oms_id=40e44c5add7e42588f | signal_id=f158470d01bf4ef8bca58c0e10bac49c | NIFTY2672125150CE | side=BUY | qty=65 | type=LIMIT
2026-07-17 13:53:19 | ERROR    | [OMS_ERROR] oms_id=40e44c5add7e42588f | code=BROKER_ERROR | Token/Authorization not found
2026-07-17 13:53:19 | ERROR    | [ERROR]    oms_id=40e44c5add7e42588f | NIFTY2672125150CE | BROKER_ERROR | Token/Authorization not found
2026-07-17 13:58:29 | INFO     | [QUEUED]   oms_id=0b7558a0ec204fdfa9 | signal_id=7f54c74409c5432795aa411adace3ed3 | NIFTY2672125150CE | side=BUY | qty=65 | type=LIMIT
2026-07-17 13:58:29 | INFO     | [ACK]      oms_id=0b7558a0ec204fdfa9 | broker_id=1110035193 | NIFTY2672125150CE | side=BUY | qty=65
2026-07-17 13:58:33 | WARNING  | [REJECTED]  oms_id=0b7558a0ec204fdfa9 | NIFTY2672125150CE | reason=OEMS:RMS : CashToCollateralRatio :  - Cash is insufficient:  Required Additional [44] in form of Cash. TotalRequired Cash : 44, Cash Present : 0 for entity [Client]-[WD1768] across [ALL|ALL|ALL]
2026-07-17 14:04:03 | INFO     | [QUEUED]   oms_id=0e8b1b2f40664fc6bd | signal_id=47ae28c168e64060b519bed93e739b39 | NIFTY2672125200CE | side=BUY | qty=65 | type=LIMIT
2026-07-17 14:04:03 | INFO     | [ACK]      oms_id=0e8b1b2f40664fc6bd | broker_id=1110035194 | NIFTY2672125200CE | side=BUY | qty=65
2026-07-17 14:04:16 | WARNING  | [REJECTED]  oms_id=0e8b1b2f40664fc6bd | NIFTY2672125200CE | reason=OEMS:RMS : CashToCollateralRatio :  - Cash is insufficient:  Required Additional [37.5] in form of Cash. TotalRequired Cash : 37.5, Cash Present : 0 for entity [Client]-[WD1768] across [ALL|ALL|ALL]
2026-07-17 17:31:10 | INFO     | [QUEUED]   oms_id=8d39129a6d8e4a7295 | signal_id=fd251498b7cd4a68ab0996080ce5457a | SENSEX2672381100CE | side=BUY | qty=20 | type=LIMIT
2026-07-17 17:31:10 | INFO     | [ACK]      oms_id=8d39129a6d8e4a7295 | broker_id=1110038424 | SENSEX2672381100CE | side=BUY | qty=20
2026-07-17 17:31:28 | WARNING  | [REJECTED]  oms_id=8d39129a6d8e4a7295 | SENSEX2672381100CE | reason=OEMS:RMS : CashToCollateralRatio :  - Cash is insufficient:  Required Additional [112.5] in form of Cash. TotalRequired Cash : 112.5, Cash Present : 0 for entity [Client]-[WD1768] across [ALL|ALL|ALL]
2026-07-17 17:34:30 | INFO     | [QUEUED]   oms_id=adb4ac51c125407dbf | signal_id=78f4d29756e9414fbeb52c53822e79fa | GOLD29JUL2026142000CE | side=BUY | qty=1 | type=LIMIT
2026-07-17 17:34:31 | ERROR    | [OMS_ERROR] oms_id=adb4ac51c125407dbf | code=BROKER_ERROR | Algo details not found for segment MCXFO
2026-07-17 17:34:31 | ERROR    | [ERROR]    oms_id=adb4ac51c125407dbf | GOLD29JUL2026142000CE | BROKER_ERROR | Algo details not found for segment MCXFO
2026-07-17 17:39:25 | INFO     | [QUEUED]   oms_id=bcaa6ae09f77482a8b | signal_id=4dd91533ca1246b6a0696eb22be077e9 | SENSEX2672381100CE | side=BUY | qty=20 | type=LIMIT
2026-07-17 17:39:25 | INFO     | [ACK]      oms_id=bcaa6ae09f77482a8b | broker_id=1110038425 | SENSEX2672381100CE | side=BUY | qty=20
2026-07-17 17:39:41 | WARNING  | [REJECTED]  oms_id=bcaa6ae09f77482a8b | SENSEX2672381100CE | reason=OEMS:RMS : CashToCollateralRatio :  - Cash is insufficient:  Required Additional [112.5] in form of Cash. TotalRequired Cash : 112.5, Cash Present : 0 for entity [Client]-[WD1768] across [ALL|ALL|ALL]
2026-07-17 17:39:58 | INFO     | [QUEUED]   oms_id=72df4cafa2a040b893 | signal_id=5b033349637b4bd89eda0e75ce2e8747 | GOLD29JUL2026142000CE | side=BUY | qty=1 | type=LIMIT
2026-07-17 17:39:59 | ERROR    | [OMS_ERROR] oms_id=72df4cafa2a040b893 | code=BROKER_ERROR | Algo details not found for segment MCXFO
2026-07-17 17:39:59 | ERROR    | [ERROR]    oms_id=72df4cafa2a040b893 | GOLD29JUL2026142000CE | BROKER_ERROR | Algo details not found for segment MCXFO
2026-07-17 17:50:16 | INFO     | [QUEUED]   oms_id=c33a214fda7d494880 | signal_id=753f12d00e5d4c7da002de541ae67e0d | GOLD29JUL2026142000CE | side=BUY | qty=1 | type=LIMIT
2026-07-17 17:50:17 | ERROR    | [OMS_ERROR] oms_id=c33a214fda7d494880 | code=BROKER_ERROR | Algo details not found for segment MCXFO
2026-07-17 17:50:17 | ERROR    | [ERROR]    oms_id=c33a214fda7d494880 | GOLD29JUL2026142000CE | BROKER_ERROR | Algo details not found for segment MCXFO
2026-07-20 09:44:25 | INFO     | [QUEUED]   oms_id=919bcb13e7544bc2a5 | signal_id=c2a70fcda2cc4ce180447e1c67607bf6 | NIFTY2672124150CE | side=BUY | qty=65 | type=LIMIT
2026-07-20 09:44:26 | ERROR    | [OMS_ERROR] oms_id=919bcb13e7544bc2a5 | code=BROKER_ERROR | Token/Authorization not found
2026-07-20 09:44:26 | ERROR    | [ERROR]    oms_id=919bcb13e7544bc2a5 | NIFTY2672124150CE | BROKER_ERROR | Token/Authorization not found
2026-07-20 09:47:48 | INFO     | [QUEUED]   oms_id=398693436aad4fbfa7 | signal_id=a640587417ee48359ef45ae863257893 | NIFTY2672124150CE | side=BUY | qty=65 | type=LIMIT
2026-07-20 09:47:49 | ERROR    | [OMS_ERROR] oms_id=398693436aad4fbfa7 | code=BROKER_ERROR | Token/Authorization not found
2026-07-20 09:47:49 | ERROR    | [ERROR]    oms_id=398693436aad4fbfa7 | NIFTY2672124150CE | BROKER_ERROR | Token/Authorization not found
2026-07-20 10:14:21 | INFO     | [QUEUED]   oms_id=b58f683c28544cfb91 | signal_id=cdc74df7bb584f5ba5ac3b5bde8d7bad | NIFTY2672124200CE | side=BUY | qty=65 | type=LIMIT
2026-07-20 10:14:21 | INFO     | [ACK]      oms_id=b58f683c28544cfb91 | broker_id=1110032468 | NIFTY2672124200CE | side=BUY | qty=65
2026-07-20 10:14:47 | WARNING  | [REJECTED]  oms_id=b58f683c28544cfb91 | NIFTY2672124200CE | reason=OEMS:RMS : CashToCollateralRatio :  - Cash is insufficient:  Required Additional [2788.62] in form of Cash. TotalRequired Cash : 2788.625, Cash Present : 0 for entity [Client]-[WD1768] across [ALL|ALL|ALL]
2026-07-20 10:19:09 | INFO     | [QUEUED]   oms_id=ee6f62fe0b6c480ab8 | signal_id=9010ec07cbe148b4b41abfed218e8b76 | GOLDM29JUL2026149000CE | side=BUY | qty=1 | type=LIMIT
2026-07-20 10:19:10 | ERROR    | [OMS_ERROR] oms_id=ee6f62fe0b6c480ab8 | code=BROKER_ERROR | Algo details not found for segment MCXFO
2026-07-20 10:19:10 | ERROR    | [ERROR]    oms_id=ee6f62fe0b6c480ab8 | GOLDM29JUL2026149000CE | BROKER_ERROR | Algo details not found for segment MCXFO
2026-07-20 10:32:19 | INFO     | [QUEUED]   oms_id=9fa9272093e14f68a8 | signal_id=f428d10150d945af90515f7d68e2b878 | GOLDM29JUL2026149000CE | side=BUY | qty=2 | type=LIMIT
2026-07-20 10:32:20 | ERROR    | [OMS_ERROR] oms_id=9fa9272093e14f68a8 | code=BROKER_ERROR | Token/Authorization not found
2026-07-20 10:32:20 | ERROR    | [ERROR]    oms_id=9fa9272093e14f68a8 | GOLDM29JUL2026149000CE | BROKER_ERROR | Token/Authorization not found
